[2024-12-15T15:14:50.886+0000] {manager.py:469} INFO - Processing files using up to 2 processes at a time 
[2024-12-15T15:14:50.888+0000] {manager.py:470} INFO - Process each file at most once every 30 seconds
[2024-12-15T15:14:50.890+0000] {manager.py:471} INFO - Checking for new files in /opt/airflow/dags every 300 seconds
[2024-12-15T15:14:50.892+0000] {manager.py:738} INFO - Searching for files in /opt/airflow/dags
[2024-12-15T15:14:50.897+0000] {manager.py:741} INFO - There are 0 files in /opt/airflow/dags
[2024-12-15T15:19:21.897+0000] {manager.py:451} INFO - Exiting gracefully upon receiving signal 15
[2024-12-15T15:20:55.614+0000] {manager.py:469} INFO - Processing files using up to 2 processes at a time 
[2024-12-15T15:20:55.615+0000] {manager.py:470} INFO - Process each file at most once every 30 seconds
[2024-12-15T15:20:55.617+0000] {manager.py:471} INFO - Checking for new files in /opt/airflow/dags every 300 seconds
[2024-12-15T15:20:55.618+0000] {manager.py:738} INFO - Searching for files in /opt/airflow/dags
[2024-12-15T15:20:55.621+0000] {manager.py:741} INFO - There are 0 files in /opt/airflow/dags
[2024-12-15T15:25:56.382+0000] {manager.py:738} INFO - Searching for files in /opt/airflow/dags
[2024-12-15T15:25:56.389+0000] {manager.py:741} INFO - There are 0 files in /opt/airflow/dags
[2024-12-15T15:30:57.197+0000] {manager.py:738} INFO - Searching for files in /opt/airflow/dags
[2024-12-15T15:30:57.203+0000] {manager.py:741} INFO - There are 0 files in /opt/airflow/dags
[2024-12-15T15:35:57.972+0000] {manager.py:738} INFO - Searching for files in /opt/airflow/dags
[2024-12-15T15:35:57.975+0000] {manager.py:741} INFO - There are 0 files in /opt/airflow/dags
[2024-12-15T15:40:58.758+0000] {manager.py:738} INFO - Searching for files in /opt/airflow/dags
[2024-12-15T15:40:58.763+0000] {manager.py:741} INFO - There are 0 files in /opt/airflow/dags
[2024-12-15T15:45:59.552+0000] {manager.py:738} INFO - Searching for files in /opt/airflow/dags
[2024-12-15T15:45:59.559+0000] {manager.py:741} INFO - There are 0 files in /opt/airflow/dags
[2024-12-15T15:51:00.372+0000] {manager.py:738} INFO - Searching for files in /opt/airflow/dags
[2024-12-15T15:51:00.375+0000] {manager.py:741} INFO - There are 0 files in /opt/airflow/dags
[2024-12-15T15:56:01.179+0000] {manager.py:738} INFO - Searching for files in /opt/airflow/dags
[2024-12-15T15:56:01.181+0000] {manager.py:741} INFO - There are 0 files in /opt/airflow/dags
[2024-12-15T16:01:01.949+0000] {manager.py:738} INFO - Searching for files in /opt/airflow/dags
[2024-12-15T16:01:01.953+0000] {manager.py:741} INFO - There are 0 files in /opt/airflow/dags
[2024-12-15T16:06:02.652+0000] {manager.py:738} INFO - Searching for files in /opt/airflow/dags
[2024-12-15T16:06:02.657+0000] {manager.py:741} INFO - There are 0 files in /opt/airflow/dags
[2024-12-15T16:11:03.462+0000] {manager.py:738} INFO - Searching for files in /opt/airflow/dags
[2024-12-15T16:11:03.465+0000] {manager.py:741} INFO - There are 0 files in /opt/airflow/dags
[2024-12-15T16:16:04.277+0000] {manager.py:738} INFO - Searching for files in /opt/airflow/dags
[2024-12-15T16:16:04.281+0000] {manager.py:741} INFO - There are 0 files in /opt/airflow/dags
[2024-12-15T16:21:05.101+0000] {manager.py:738} INFO - Searching for files in /opt/airflow/dags
[2024-12-15T16:21:05.111+0000] {manager.py:741} INFO - There are 0 files in /opt/airflow/dags
[2024-12-15T16:26:05.916+0000] {manager.py:738} INFO - Searching for files in /opt/airflow/dags
[2024-12-15T16:26:05.919+0000] {manager.py:741} INFO - There are 0 files in /opt/airflow/dags
[2024-12-15T16:30:47.758+0000] {manager.py:451} INFO - Exiting gracefully upon receiving signal 15
[2024-12-15T16:41:55.553+0000] {manager.py:469} INFO - Processing files using up to 2 processes at a time 
[2024-12-15T16:41:55.554+0000] {manager.py:470} INFO - Process each file at most once every 30 seconds
[2024-12-15T16:41:55.555+0000] {manager.py:471} INFO - Checking for new files in /opt/airflow/dags every 300 seconds
[2024-12-15T16:41:55.556+0000] {manager.py:738} INFO - Searching for files in /opt/airflow/dags
[2024-12-15T16:41:55.564+0000] {manager.py:741} INFO - There are 0 files in /opt/airflow/dags
[2024-12-15T16:46:56.306+0000] {manager.py:738} INFO - Searching for files in /opt/airflow/dags
[2024-12-15T16:46:56.310+0000] {manager.py:741} INFO - There are 0 files in /opt/airflow/dags
[2024-12-15T16:51:57.053+0000] {manager.py:738} INFO - Searching for files in /opt/airflow/dags
[2024-12-15T16:51:57.058+0000] {manager.py:741} INFO - There are 0 files in /opt/airflow/dags
[2024-12-15T16:56:57.752+0000] {manager.py:738} INFO - Searching for files in /opt/airflow/dags
[2024-12-15T16:56:57.756+0000] {manager.py:741} INFO - There are 0 files in /opt/airflow/dags
[2024-12-15T17:01:58.447+0000] {manager.py:738} INFO - Searching for files in /opt/airflow/dags
[2024-12-15T17:01:58.450+0000] {manager.py:741} INFO - There are 0 files in /opt/airflow/dags
[2024-12-15T17:02:55.799+0000] {manager.py:451} INFO - Exiting gracefully upon receiving signal 15
[2024-12-15T17:05:22.813+0000] {manager.py:469} INFO - Processing files using up to 2 processes at a time 
[2024-12-15T17:05:22.813+0000] {manager.py:470} INFO - Process each file at most once every 30 seconds
[2024-12-15T17:05:22.814+0000] {manager.py:471} INFO - Checking for new files in /opt/airflow/dags every 300 seconds
[2024-12-15T17:05:22.815+0000] {manager.py:738} INFO - Searching for files in /opt/airflow/dags
[2024-12-15T17:05:22.819+0000] {manager.py:741} INFO - There are 0 files in /opt/airflow/dags
[2024-12-15T17:10:23.594+0000] {manager.py:738} INFO - Searching for files in /opt/airflow/dags
[2024-12-15T17:10:23.598+0000] {manager.py:741} INFO - There are 0 files in /opt/airflow/dags
[2024-12-15T17:15:24.378+0000] {manager.py:738} INFO - Searching for files in /opt/airflow/dags
[2024-12-15T17:15:24.386+0000] {manager.py:741} INFO - There are 0 files in /opt/airflow/dags
[2024-12-15T17:20:25.139+0000] {manager.py:738} INFO - Searching for files in /opt/airflow/dags
[2024-12-15T17:20:25.147+0000] {manager.py:741} INFO - There are 0 files in /opt/airflow/dags
[2024-12-15T17:25:25.760+0000] {manager.py:738} INFO - Searching for files in /opt/airflow/dags
[2024-12-15T17:25:25.768+0000] {manager.py:741} INFO - There are 0 files in /opt/airflow/dags
[2024-12-15T17:26:26.689+0000] {manager.py:451} INFO - Exiting gracefully upon receiving signal 15
[2024-12-15T17:29:05.661+0000] {manager.py:469} INFO - Processing files using up to 2 processes at a time 
[2024-12-15T17:29:05.661+0000] {manager.py:470} INFO - Process each file at most once every 30 seconds
[2024-12-15T17:29:05.662+0000] {manager.py:471} INFO - Checking for new files in /opt/airflow/dags every 300 seconds
[2024-12-15T17:29:05.663+0000] {manager.py:738} INFO - Searching for files in /opt/airflow/dags
[2024-12-15T17:29:05.668+0000] {manager.py:741} INFO - There are 0 files in /opt/airflow/dags
[2024-12-15T17:34:06.466+0000] {manager.py:738} INFO - Searching for files in /opt/airflow/dags
[2024-12-15T17:34:06.470+0000] {manager.py:741} INFO - There are 0 files in /opt/airflow/dags
[2024-12-15T17:39:07.218+0000] {manager.py:738} INFO - Searching for files in /opt/airflow/dags
[2024-12-15T17:39:07.221+0000] {manager.py:741} INFO - There are 0 files in /opt/airflow/dags
[2024-12-15T17:44:07.970+0000] {manager.py:738} INFO - Searching for files in /opt/airflow/dags
[2024-12-15T17:44:07.978+0000] {manager.py:741} INFO - There are 0 files in /opt/airflow/dags
[2024-12-15T17:47:55.530+0000] {manager.py:451} INFO - Exiting gracefully upon receiving signal 15
[2024-12-15T17:51:00.752+0000] {manager.py:469} INFO - Processing files using up to 2 processes at a time 
[2024-12-15T17:51:00.753+0000] {manager.py:470} INFO - Process each file at most once every 30 seconds
[2024-12-15T17:51:00.754+0000] {manager.py:471} INFO - Checking for new files in /opt/airflow/dags every 300 seconds
[2024-12-15T17:51:00.757+0000] {manager.py:738} INFO - Searching for files in /opt/airflow/dags
[2024-12-15T17:51:00.761+0000] {manager.py:741} INFO - There are 0 files in /opt/airflow/dags
[2024-12-15T17:56:01.465+0000] {manager.py:738} INFO - Searching for files in /opt/airflow/dags
[2024-12-15T17:56:01.473+0000] {manager.py:741} INFO - There are 0 files in /opt/airflow/dags
[2024-12-15T18:01:02.224+0000] {manager.py:738} INFO - Searching for files in /opt/airflow/dags
[2024-12-15T18:01:02.227+0000] {manager.py:741} INFO - There are 0 files in /opt/airflow/dags
[2024-12-15T18:04:05.951+0000] {manager.py:451} INFO - Exiting gracefully upon receiving signal 15
[2024-12-15T18:13:54.063+0000] {manager.py:469} INFO - Processing files using up to 2 processes at a time 
[2024-12-15T18:13:54.064+0000] {manager.py:470} INFO - Process each file at most once every 30 seconds
[2024-12-15T18:13:54.065+0000] {manager.py:471} INFO - Checking for new files in /opt/airflow/dags every 300 seconds
[2024-12-15T18:13:54.067+0000] {manager.py:738} INFO - Searching for files in /opt/airflow/dags
[2024-12-15T18:13:54.070+0000] {manager.py:741} INFO - There are 0 files in /opt/airflow/dags
[2024-12-15T18:18:54.635+0000] {manager.py:738} INFO - Searching for files in /opt/airflow/dags
[2024-12-15T18:18:54.642+0000] {manager.py:741} INFO - There are 0 files in /opt/airflow/dags
[2024-12-15T18:23:55.224+0000] {manager.py:738} INFO - Searching for files in /opt/airflow/dags
[2024-12-15T18:23:55.230+0000] {manager.py:741} INFO - There are 0 files in /opt/airflow/dags
[2024-12-15T18:23:55.706+0000] {manager.py:451} INFO - Exiting gracefully upon receiving signal 15
[2024-12-15T18:24:42.038+0000] {manager.py:469} INFO - Processing files using up to 2 processes at a time 
[2024-12-15T18:24:42.039+0000] {manager.py:470} INFO - Process each file at most once every 30 seconds
[2024-12-15T18:24:42.039+0000] {manager.py:471} INFO - Checking for new files in /opt/airflow/dags every 300 seconds
[2024-12-15T18:24:42.040+0000] {manager.py:738} INFO - Searching for files in /opt/airflow/dags
[2024-12-15T18:24:42.044+0000] {manager.py:741} INFO - There are 0 files in /opt/airflow/dags
[2024-12-15T18:29:42.753+0000] {manager.py:738} INFO - Searching for files in /opt/airflow/dags
[2024-12-15T18:29:42.760+0000] {manager.py:741} INFO - There are 0 files in /opt/airflow/dags
[2024-12-15T18:34:43.527+0000] {manager.py:738} INFO - Searching for files in /opt/airflow/dags
[2024-12-15T18:34:43.531+0000] {manager.py:741} INFO - There are 0 files in /opt/airflow/dags
[2024-12-15T18:39:44.327+0000] {manager.py:738} INFO - Searching for files in /opt/airflow/dags
[2024-12-15T18:39:44.330+0000] {manager.py:741} INFO - There are 0 files in /opt/airflow/dags
[2024-12-15T18:44:45.113+0000] {manager.py:738} INFO - Searching for files in /opt/airflow/dags
[2024-12-15T18:44:45.120+0000] {manager.py:741} INFO - There are 0 files in /opt/airflow/dags
[2024-12-15T18:47:34.242+0000] {manager.py:451} INFO - Exiting gracefully upon receiving signal 15
[2024-12-15T18:48:25.659+0000] {manager.py:469} INFO - Processing files using up to 2 processes at a time 
[2024-12-15T18:48:25.661+0000] {manager.py:470} INFO - Process each file at most once every 30 seconds
[2024-12-15T18:48:25.662+0000] {manager.py:471} INFO - Checking for new files in /opt/airflow/dags every 300 seconds
[2024-12-15T18:48:25.664+0000] {manager.py:738} INFO - Searching for files in /opt/airflow/dags
[2024-12-15T18:48:25.668+0000] {manager.py:741} INFO - There are 0 files in /opt/airflow/dags
[2024-12-15T18:53:26.399+0000] {manager.py:738} INFO - Searching for files in /opt/airflow/dags
[2024-12-15T18:53:26.405+0000] {manager.py:741} INFO - There are 0 files in /opt/airflow/dags
[2024-12-15T18:58:27.222+0000] {manager.py:738} INFO - Searching for files in /opt/airflow/dags
[2024-12-15T18:58:27.230+0000] {manager.py:741} INFO - There are 0 files in /opt/airflow/dags
[2024-12-15T18:58:48.155+0000] {manager.py:451} INFO - Exiting gracefully upon receiving signal 15
[2024-12-15T19:00:26.112+0000] {manager.py:469} INFO - Processing files using up to 2 processes at a time 
[2024-12-15T19:00:26.113+0000] {manager.py:470} INFO - Process each file at most once every 30 seconds
[2024-12-15T19:00:26.114+0000] {manager.py:471} INFO - Checking for new files in /opt/airflow/dags every 300 seconds
[2024-12-15T19:00:26.115+0000] {manager.py:738} INFO - Searching for files in /opt/airflow/dags
[2024-12-15T19:00:26.120+0000] {manager.py:741} INFO - There are 0 files in /opt/airflow/dags
[2024-12-15T19:04:54.367+0000] {manager.py:451} INFO - Exiting gracefully upon receiving signal 15
[2024-12-15T19:07:58.125+0000] {manager.py:469} INFO - Processing files using up to 2 processes at a time 
[2024-12-15T19:07:58.126+0000] {manager.py:470} INFO - Process each file at most once every 30 seconds
[2024-12-15T19:07:58.126+0000] {manager.py:471} INFO - Checking for new files in /opt/airflow/dags every 300 seconds
[2024-12-15T19:07:58.128+0000] {manager.py:738} INFO - Searching for files in /opt/airflow/dags
[2024-12-15T19:07:58.135+0000] {manager.py:741} INFO - There are 0 files in /opt/airflow/dags
[2024-12-15T19:12:58.853+0000] {manager.py:738} INFO - Searching for files in /opt/airflow/dags
[2024-12-15T19:12:58.857+0000] {manager.py:741} INFO - There are 0 files in /opt/airflow/dags
[2024-12-15T19:17:59.600+0000] {manager.py:738} INFO - Searching for files in /opt/airflow/dags
[2024-12-15T19:17:59.604+0000] {manager.py:741} INFO - There are 0 files in /opt/airflow/dags
[2024-12-15T19:23:00.348+0000] {manager.py:738} INFO - Searching for files in /opt/airflow/dags
[2024-12-15T19:23:00.354+0000] {manager.py:741} INFO - There are 0 files in /opt/airflow/dags
[2024-12-15T19:28:01.099+0000] {manager.py:738} INFO - Searching for files in /opt/airflow/dags
[2024-12-15T19:28:01.103+0000] {manager.py:741} INFO - There are 0 files in /opt/airflow/dags
[2024-12-15T19:33:01.882+0000] {manager.py:738} INFO - Searching for files in /opt/airflow/dags
[2024-12-15T19:33:01.885+0000] {manager.py:741} INFO - There are 0 files in /opt/airflow/dags
[2024-12-15T19:33:54.699+0000] {manager.py:451} INFO - Exiting gracefully upon receiving signal 15
[2024-12-16T15:07:48.808+0000] {manager.py:469} INFO - Processing files using up to 2 processes at a time 
[2024-12-16T15:07:48.809+0000] {manager.py:470} INFO - Process each file at most once every 30 seconds
[2024-12-16T15:07:48.810+0000] {manager.py:471} INFO - Checking for new files in /opt/airflow/dags every 300 seconds
[2024-12-16T15:07:48.811+0000] {manager.py:738} INFO - Searching for files in /opt/airflow/dags
[2024-12-16T15:07:48.814+0000] {manager.py:741} INFO - There are 0 files in /opt/airflow/dags
[2024-12-16T15:12:49.202+0000] {manager.py:738} INFO - Searching for files in /opt/airflow/dags
[2024-12-16T15:12:49.211+0000] {manager.py:741} INFO - There are 0 files in /opt/airflow/dags
[2024-12-16T15:17:49.585+0000] {manager.py:738} INFO - Searching for files in /opt/airflow/dags
[2024-12-16T15:17:49.597+0000] {manager.py:741} INFO - There are 0 files in /opt/airflow/dags
[2024-12-16T15:22:50.335+0000] {manager.py:738} INFO - Searching for files in /opt/airflow/dags
[2024-12-16T15:22:50.339+0000] {manager.py:741} INFO - There are 0 files in /opt/airflow/dags
[2024-12-16T15:27:51.089+0000] {manager.py:738} INFO - Searching for files in /opt/airflow/dags
[2024-12-16T15:27:51.093+0000] {manager.py:741} INFO - There are 0 files in /opt/airflow/dags
[2024-12-16T15:32:51.812+0000] {manager.py:738} INFO - Searching for files in /opt/airflow/dags
[2024-12-16T15:32:51.820+0000] {manager.py:741} INFO - There are 0 files in /opt/airflow/dags
[2024-12-16T15:37:52.505+0000] {manager.py:738} INFO - Searching for files in /opt/airflow/dags
[2024-12-16T15:37:52.508+0000] {manager.py:741} INFO - There are 0 files in /opt/airflow/dags
[2024-12-16T15:42:53.267+0000] {manager.py:738} INFO - Searching for files in /opt/airflow/dags
[2024-12-16T15:42:53.277+0000] {manager.py:741} INFO - There are 0 files in /opt/airflow/dags
[2024-12-16T15:47:54.059+0000] {manager.py:738} INFO - Searching for files in /opt/airflow/dags
[2024-12-16T15:47:54.062+0000] {manager.py:741} INFO - There are 0 files in /opt/airflow/dags
[2024-12-16T15:52:54.747+0000] {manager.py:738} INFO - Searching for files in /opt/airflow/dags
[2024-12-16T15:52:54.754+0000] {manager.py:741} INFO - There are 0 files in /opt/airflow/dags
[2024-12-16T15:57:55.539+0000] {manager.py:738} INFO - Searching for files in /opt/airflow/dags
[2024-12-16T15:57:55.548+0000] {manager.py:741} INFO - There are 0 files in /opt/airflow/dags
[2024-12-16T16:02:56.161+0000] {manager.py:738} INFO - Searching for files in /opt/airflow/dags
[2024-12-16T16:02:56.169+0000] {manager.py:741} INFO - There are 0 files in /opt/airflow/dags
[2024-12-16T16:07:56.904+0000] {manager.py:738} INFO - Searching for files in /opt/airflow/dags
[2024-12-16T16:07:56.907+0000] {manager.py:741} INFO - There are 0 files in /opt/airflow/dags
[2024-12-16T16:12:57.522+0000] {manager.py:738} INFO - Searching for files in /opt/airflow/dags
[2024-12-16T16:12:57.527+0000] {manager.py:741} INFO - There are 0 files in /opt/airflow/dags
[2024-12-16T16:17:58.084+0000] {manager.py:738} INFO - Searching for files in /opt/airflow/dags
[2024-12-16T16:17:58.087+0000] {manager.py:741} INFO - There are 0 files in /opt/airflow/dags
[2024-12-16T16:22:58.744+0000] {manager.py:738} INFO - Searching for files in /opt/airflow/dags
[2024-12-16T16:22:58.751+0000] {manager.py:741} INFO - There are 0 files in /opt/airflow/dags
[2024-12-16T16:27:59.345+0000] {manager.py:738} INFO - Searching for files in /opt/airflow/dags
[2024-12-16T16:27:59.348+0000] {manager.py:741} INFO - There are 0 files in /opt/airflow/dags
[2024-12-16T16:33:00.049+0000] {manager.py:738} INFO - Searching for files in /opt/airflow/dags
[2024-12-16T16:33:00.053+0000] {manager.py:741} INFO - There are 0 files in /opt/airflow/dags
[2024-12-16T16:38:00.782+0000] {manager.py:738} INFO - Searching for files in /opt/airflow/dags
[2024-12-16T16:38:00.785+0000] {manager.py:741} INFO - There are 0 files in /opt/airflow/dags
[2024-12-16T16:43:01.381+0000] {manager.py:738} INFO - Searching for files in /opt/airflow/dags
[2024-12-16T16:43:01.385+0000] {manager.py:741} INFO - There are 0 files in /opt/airflow/dags
[2024-12-16T16:48:02.078+0000] {manager.py:738} INFO - Searching for files in /opt/airflow/dags
[2024-12-16T16:48:02.082+0000] {manager.py:741} INFO - There are 0 files in /opt/airflow/dags
[2024-12-16T16:52:15.238+0000] {manager.py:451} INFO - Exiting gracefully upon receiving signal 15
[2024-12-17T17:35:58.953+0000] {manager.py:469} INFO - Processing files using up to 2 processes at a time 
[2024-12-17T17:35:58.954+0000] {manager.py:470} INFO - Process each file at most once every 30 seconds
[2024-12-17T17:35:58.956+0000] {manager.py:471} INFO - Checking for new files in /opt/airflow/dags every 300 seconds
[2024-12-17T17:35:58.958+0000] {manager.py:738} INFO - Searching for files in /opt/airflow/dags
[2024-12-17T17:35:58.962+0000] {manager.py:741} INFO - There are 0 files in /opt/airflow/dags
[2024-12-17T17:40:59.731+0000] {manager.py:738} INFO - Searching for files in /opt/airflow/dags
[2024-12-17T17:40:59.735+0000] {manager.py:741} INFO - There are 0 files in /opt/airflow/dags
[2024-12-17T17:46:00.485+0000] {manager.py:738} INFO - Searching for files in /opt/airflow/dags
[2024-12-17T17:46:00.494+0000] {manager.py:741} INFO - There are 0 files in /opt/airflow/dags
[2024-12-17T17:51:01.259+0000] {manager.py:738} INFO - Searching for files in /opt/airflow/dags
[2024-12-17T17:51:01.267+0000] {manager.py:741} INFO - There are 0 files in /opt/airflow/dags
[2024-12-17T17:56:02.058+0000] {manager.py:738} INFO - Searching for files in /opt/airflow/dags
[2024-12-17T17:56:02.066+0000] {manager.py:741} INFO - There are 0 files in /opt/airflow/dags
[2024-12-17T18:01:02.828+0000] {manager.py:738} INFO - Searching for files in /opt/airflow/dags
[2024-12-17T18:01:02.831+0000] {manager.py:741} INFO - There are 0 files in /opt/airflow/dags
[2024-12-17T18:06:03.561+0000] {manager.py:738} INFO - Searching for files in /opt/airflow/dags
[2024-12-17T18:06:03.570+0000] {manager.py:741} INFO - There are 0 files in /opt/airflow/dags
[2024-12-17T18:11:04.328+0000] {manager.py:738} INFO - Searching for files in /opt/airflow/dags
[2024-12-17T18:11:04.333+0000] {manager.py:741} INFO - There are 0 files in /opt/airflow/dags
[2024-12-17T18:16:04.895+0000] {manager.py:738} INFO - Searching for files in /opt/airflow/dags
[2024-12-17T18:16:04.900+0000] {manager.py:741} INFO - There are 0 files in /opt/airflow/dags
[2024-12-17T18:21:05.381+0000] {manager.py:738} INFO - Searching for files in /opt/airflow/dags
[2024-12-17T18:21:05.385+0000] {manager.py:741} INFO - There are 0 files in /opt/airflow/dags
[2024-12-17T18:26:06.107+0000] {manager.py:738} INFO - Searching for files in /opt/airflow/dags
[2024-12-17T18:26:06.117+0000] {manager.py:741} INFO - There are 0 files in /opt/airflow/dags
[2024-12-17T18:26:30.937+0000] {manager.py:451} INFO - Exiting gracefully upon receiving signal 15
[2024-12-17T18:30:59.311+0000] {manager.py:469} INFO - Processing files using up to 2 processes at a time 
[2024-12-17T18:30:59.312+0000] {manager.py:470} INFO - Process each file at most once every 30 seconds
[2024-12-17T18:30:59.313+0000] {manager.py:471} INFO - Checking for new files in /opt/airflow/dags every 300 seconds
[2024-12-17T18:30:59.313+0000] {manager.py:738} INFO - Searching for files in /opt/airflow/dags
[2024-12-17T18:30:59.322+0000] {manager.py:741} INFO - There are 0 files in /opt/airflow/dags
[2024-12-17T18:36:00.031+0000] {manager.py:738} INFO - Searching for files in /opt/airflow/dags
[2024-12-17T18:36:00.039+0000] {manager.py:741} INFO - There are 0 files in /opt/airflow/dags
[2024-12-17T18:41:00.547+0000] {manager.py:738} INFO - Searching for files in /opt/airflow/dags
[2024-12-17T18:41:00.554+0000] {manager.py:741} INFO - There are 0 files in /opt/airflow/dags
[2024-12-17T18:41:54.159+0000] {manager.py:451} INFO - Exiting gracefully upon receiving signal 15
[2024-12-17T18:43:02.300+0000] {manager.py:469} INFO - Processing files using up to 2 processes at a time 
[2024-12-17T18:43:02.305+0000] {manager.py:470} INFO - Process each file at most once every 30 seconds
[2024-12-17T18:43:02.307+0000] {manager.py:471} INFO - Checking for new files in /opt/airflow/dags every 300 seconds
[2024-12-17T18:43:02.308+0000] {manager.py:738} INFO - Searching for files in /opt/airflow/dags
[2024-12-17T18:43:02.329+0000] {manager.py:741} INFO - There are 0 files in /opt/airflow/dags
[2024-12-17T18:48:02.821+0000] {manager.py:738} INFO - Searching for files in /opt/airflow/dags
[2024-12-17T18:48:02.825+0000] {manager.py:741} INFO - There are 0 files in /opt/airflow/dags
[2024-12-17T18:49:24.546+0000] {manager.py:451} INFO - Exiting gracefully upon receiving signal 15
[2024-12-17T20:30:01.714+0000] {manager.py:469} INFO - Processing files using up to 2 processes at a time 
[2024-12-17T20:30:01.717+0000] {manager.py:470} INFO - Process each file at most once every 30 seconds
[2024-12-17T20:30:01.720+0000] {manager.py:471} INFO - Checking for new files in /opt/airflow/dags every 300 seconds
[2024-12-17T20:30:01.721+0000] {manager.py:738} INFO - Searching for files in /opt/airflow/dags
[2024-12-17T20:30:01.731+0000] {manager.py:741} INFO - There are 0 files in /opt/airflow/dags
[2024-12-17T20:30:52.828+0000] {manager.py:451} INFO - Exiting gracefully upon receiving signal 15
[2024-12-17T20:34:29.843+0000] {manager.py:469} INFO - Processing files using up to 2 processes at a time 
[2024-12-17T20:34:29.845+0000] {manager.py:470} INFO - Process each file at most once every 30 seconds
[2024-12-17T20:34:29.847+0000] {manager.py:471} INFO - Checking for new files in /opt/airflow/dags every 300 seconds
[2024-12-17T20:34:29.850+0000] {manager.py:738} INFO - Searching for files in /opt/airflow/dags
[2024-12-17T20:34:29.861+0000] {manager.py:741} INFO - There are 0 files in /opt/airflow/dags
[2024-12-17T20:34:39.617+0000] {manager.py:451} INFO - Exiting gracefully upon receiving signal 15
[2024-12-17T20:37:20.117+0000] {manager.py:469} INFO - Processing files using up to 2 processes at a time 
[2024-12-17T20:37:20.126+0000] {manager.py:470} INFO - Process each file at most once every 30 seconds
[2024-12-17T20:37:20.131+0000] {manager.py:471} INFO - Checking for new files in /opt/airflow/dags every 300 seconds
[2024-12-17T20:37:20.138+0000] {manager.py:738} INFO - Searching for files in /opt/airflow/dags
[2024-12-17T20:37:20.150+0000] {manager.py:741} INFO - There are 0 files in /opt/airflow/dags
[2024-12-17T20:42:20.858+0000] {manager.py:738} INFO - Searching for files in /opt/airflow/dags
[2024-12-17T20:42:20.868+0000] {manager.py:741} INFO - There are 0 files in /opt/airflow/dags
[2024-12-17T20:42:33.928+0000] {manager.py:451} INFO - Exiting gracefully upon receiving signal 15
[2024-12-17T20:43:37.248+0000] {manager.py:469} INFO - Processing files using up to 2 processes at a time 
[2024-12-17T20:43:37.249+0000] {manager.py:470} INFO - Process each file at most once every 30 seconds
[2024-12-17T20:43:37.250+0000] {manager.py:471} INFO - Checking for new files in /opt/airflow/dags every 300 seconds
[2024-12-17T20:43:37.251+0000] {manager.py:738} INFO - Searching for files in /opt/airflow/dags
[2024-12-17T20:43:37.257+0000] {manager.py:741} INFO - There are 0 files in /opt/airflow/dags
[2024-12-17T20:48:37.862+0000] {manager.py:738} INFO - Searching for files in /opt/airflow/dags
[2024-12-17T20:48:37.868+0000] {manager.py:741} INFO - There are 0 files in /opt/airflow/dags
[2024-12-17T20:49:45.670+0000] {manager.py:451} INFO - Exiting gracefully upon receiving signal 15
[2024-12-17T20:52:15.092+0000] {manager.py:469} INFO - Processing files using up to 2 processes at a time 
[2024-12-17T20:52:15.093+0000] {manager.py:470} INFO - Process each file at most once every 30 seconds
[2024-12-17T20:52:15.094+0000] {manager.py:471} INFO - Checking for new files in /opt/airflow/dags every 300 seconds
[2024-12-17T20:52:15.095+0000] {manager.py:738} INFO - Searching for files in /opt/airflow/dags
[2024-12-17T20:52:15.100+0000] {manager.py:741} INFO - There are 0 files in /opt/airflow/dags
[2024-12-17T20:53:54.054+0000] {manager.py:451} INFO - Exiting gracefully upon receiving signal 15
[2024-12-17T21:37:29.080+0000] {manager.py:469} INFO - Processing files using up to 2 processes at a time 
[2024-12-17T21:37:29.087+0000] {manager.py:470} INFO - Process each file at most once every 30 seconds
[2024-12-17T21:37:29.094+0000] {manager.py:471} INFO - Checking for new files in /opt/airflow/dags every 300 seconds
[2024-12-17T21:37:29.095+0000] {manager.py:738} INFO - Searching for files in /opt/airflow/dags
[2024-12-17T21:37:29.100+0000] {manager.py:741} INFO - There are 0 files in /opt/airflow/dags
[2024-12-17T21:40:14.163+0000] {manager.py:451} INFO - Exiting gracefully upon receiving signal 15
[2024-12-17T22:08:39.974+0000] {manager.py:469} INFO - Processing files using up to 2 processes at a time 
[2024-12-17T22:08:39.974+0000] {manager.py:470} INFO - Process each file at most once every 30 seconds
[2024-12-17T22:08:39.975+0000] {manager.py:471} INFO - Checking for new files in /opt/airflow/dags every 300 seconds
[2024-12-17T22:08:39.976+0000] {manager.py:738} INFO - Searching for files in /opt/airflow/dags
[2024-12-17T22:08:39.980+0000] {manager.py:741} INFO - There are 0 files in /opt/airflow/dags
[2024-12-17T22:13:40.711+0000] {manager.py:738} INFO - Searching for files in /opt/airflow/dags
[2024-12-17T22:13:40.715+0000] {manager.py:741} INFO - There are 0 files in /opt/airflow/dags
[2024-12-17T22:15:25.224+0000] {manager.py:451} INFO - Exiting gracefully upon receiving signal 15
[2024-12-17T22:16:05.454+0000] {manager.py:469} INFO - Processing files using up to 2 processes at a time 
[2024-12-17T22:16:05.455+0000] {manager.py:470} INFO - Process each file at most once every 30 seconds
[2024-12-17T22:16:05.456+0000] {manager.py:471} INFO - Checking for new files in /opt/airflow/dags every 300 seconds
[2024-12-17T22:16:05.457+0000] {manager.py:738} INFO - Searching for files in /opt/airflow/dags
[2024-12-17T22:16:05.461+0000] {manager.py:741} INFO - There are 0 files in /opt/airflow/dags
[2024-12-17T22:16:55.869+0000] {manager.py:451} INFO - Exiting gracefully upon receiving signal 15
[2024-12-17T22:19:56.818+0000] {manager.py:469} INFO - Processing files using up to 2 processes at a time 
[2024-12-17T22:19:56.819+0000] {manager.py:470} INFO - Process each file at most once every 30 seconds
[2024-12-17T22:19:56.821+0000] {manager.py:471} INFO - Checking for new files in /opt/airflow/dags every 300 seconds
[2024-12-17T22:19:56.827+0000] {manager.py:738} INFO - Searching for files in /opt/airflow/dags
[2024-12-17T22:19:56.836+0000] {manager.py:741} INFO - There are 0 files in /opt/airflow/dags
[2024-12-17T22:24:57.417+0000] {manager.py:738} INFO - Searching for files in /opt/airflow/dags
[2024-12-17T22:24:57.424+0000] {manager.py:741} INFO - There are 0 files in /opt/airflow/dags
[2024-12-17T22:29:57.984+0000] {manager.py:738} INFO - Searching for files in /opt/airflow/dags
[2024-12-17T22:29:57.995+0000] {manager.py:741} INFO - There are 0 files in /opt/airflow/dags
[2024-12-17T22:34:58.684+0000] {manager.py:738} INFO - Searching for files in /opt/airflow/dags
[2024-12-17T22:34:58.689+0000] {manager.py:741} INFO - There are 0 files in /opt/airflow/dags
[2024-12-17T22:39:59.322+0000] {manager.py:738} INFO - Searching for files in /opt/airflow/dags
[2024-12-17T22:39:59.332+0000] {manager.py:741} INFO - There are 0 files in /opt/airflow/dags
[2024-12-17T22:45:00.021+0000] {manager.py:738} INFO - Searching for files in /opt/airflow/dags
[2024-12-17T22:45:00.024+0000] {manager.py:741} INFO - There are 0 files in /opt/airflow/dags
[2024-12-17T22:50:00.567+0000] {manager.py:738} INFO - Searching for files in /opt/airflow/dags
[2024-12-17T22:50:00.571+0000] {manager.py:741} INFO - There are 0 files in /opt/airflow/dags
[2024-12-17T22:55:01.084+0000] {manager.py:738} INFO - Searching for files in /opt/airflow/dags
[2024-12-17T22:55:01.091+0000] {manager.py:741} INFO - There are 0 files in /opt/airflow/dags
[2024-12-17T23:00:01.557+0000] {manager.py:738} INFO - Searching for files in /opt/airflow/dags
[2024-12-17T23:00:01.564+0000] {manager.py:741} INFO - There are 0 files in /opt/airflow/dags
[2024-12-17T23:05:02.087+0000] {manager.py:738} INFO - Searching for files in /opt/airflow/dags
[2024-12-17T23:05:02.094+0000] {manager.py:741} INFO - There are 0 files in /opt/airflow/dags
[2024-12-17T23:10:02.668+0000] {manager.py:738} INFO - Searching for files in /opt/airflow/dags
[2024-12-17T23:10:02.676+0000] {manager.py:741} INFO - There are 0 files in /opt/airflow/dags
[2024-12-17T23:15:03.380+0000] {manager.py:738} INFO - Searching for files in /opt/airflow/dags
[2024-12-17T23:15:03.388+0000] {manager.py:741} INFO - There are 0 files in /opt/airflow/dags
[2024-12-17T23:15:47.803+0000] {manager.py:451} INFO - Exiting gracefully upon receiving signal 15
[2024-12-17T23:16:39.882+0000] {manager.py:469} INFO - Processing files using up to 2 processes at a time 
[2024-12-17T23:16:39.883+0000] {manager.py:470} INFO - Process each file at most once every 30 seconds
[2024-12-17T23:16:39.884+0000] {manager.py:471} INFO - Checking for new files in /opt/airflow/dags every 300 seconds
[2024-12-17T23:16:39.885+0000] {manager.py:738} INFO - Searching for files in /opt/airflow/dags
[2024-12-17T23:16:39.888+0000] {manager.py:741} INFO - There are 0 files in /opt/airflow/dags
[2024-12-17T23:21:05.341+0000] {manager.py:451} INFO - Exiting gracefully upon receiving signal 15
[2024-12-17T23:21:50.037+0000] {manager.py:469} INFO - Processing files using up to 2 processes at a time 
[2024-12-17T23:21:50.037+0000] {manager.py:470} INFO - Process each file at most once every 30 seconds
[2024-12-17T23:21:50.038+0000] {manager.py:471} INFO - Checking for new files in /opt/airflow/dags every 300 seconds
[2024-12-17T23:21:50.039+0000] {manager.py:738} INFO - Searching for files in /opt/airflow/dags
[2024-12-17T23:21:50.046+0000] {manager.py:741} INFO - There are 0 files in /opt/airflow/dags
[2024-12-17T23:26:50.712+0000] {manager.py:738} INFO - Searching for files in /opt/airflow/dags
[2024-12-17T23:26:50.720+0000] {manager.py:741} INFO - There are 0 files in /opt/airflow/dags
[2024-12-17T23:31:51.385+0000] {manager.py:738} INFO - Searching for files in /opt/airflow/dags
[2024-12-17T23:31:51.391+0000] {manager.py:741} INFO - There are 0 files in /opt/airflow/dags
[2024-12-17T23:36:51.892+0000] {manager.py:738} INFO - Searching for files in /opt/airflow/dags
[2024-12-17T23:36:51.895+0000] {manager.py:741} INFO - There are 0 files in /opt/airflow/dags
[2024-12-17T23:41:52.410+0000] {manager.py:738} INFO - Searching for files in /opt/airflow/dags
[2024-12-17T23:41:52.414+0000] {manager.py:741} INFO - There are 0 files in /opt/airflow/dags
[2024-12-17T23:46:52.903+0000] {manager.py:738} INFO - Searching for files in /opt/airflow/dags
[2024-12-17T23:46:52.906+0000] {manager.py:741} INFO - There are 0 files in /opt/airflow/dags
[2024-12-17T23:51:53.365+0000] {manager.py:738} INFO - Searching for files in /opt/airflow/dags
[2024-12-17T23:51:53.369+0000] {manager.py:741} INFO - There are 0 files in /opt/airflow/dags
[2024-12-17T23:56:53.816+0000] {manager.py:738} INFO - Searching for files in /opt/airflow/dags
[2024-12-17T23:56:53.819+0000] {manager.py:741} INFO - There are 0 files in /opt/airflow/dags
[2024-12-18T00:01:54.258+0000] {manager.py:738} INFO - Searching for files in /opt/airflow/dags
[2024-12-18T00:01:54.262+0000] {manager.py:741} INFO - There are 0 files in /opt/airflow/dags
[2024-12-18T00:06:54.797+0000] {manager.py:738} INFO - Searching for files in /opt/airflow/dags
[2024-12-18T00:06:54.801+0000] {manager.py:741} INFO - There are 0 files in /opt/airflow/dags
[2024-12-18T00:11:55.486+0000] {manager.py:738} INFO - Searching for files in /opt/airflow/dags
[2024-12-18T00:11:55.496+0000] {manager.py:741} INFO - There are 0 files in /opt/airflow/dags
[2024-12-18T00:16:56.177+0000] {manager.py:738} INFO - Searching for files in /opt/airflow/dags
[2024-12-18T00:16:56.180+0000] {manager.py:741} INFO - There are 0 files in /opt/airflow/dags
[2024-12-18T00:21:56.852+0000] {manager.py:738} INFO - Searching for files in /opt/airflow/dags
[2024-12-18T00:21:56.856+0000] {manager.py:741} INFO - There are 0 files in /opt/airflow/dags
[2024-12-18T00:26:57.560+0000] {manager.py:738} INFO - Searching for files in /opt/airflow/dags
[2024-12-18T00:26:57.563+0000] {manager.py:741} INFO - There are 0 files in /opt/airflow/dags
[2024-12-18T00:31:58.269+0000] {manager.py:738} INFO - Searching for files in /opt/airflow/dags
[2024-12-18T00:31:58.277+0000] {manager.py:741} INFO - There are 0 files in /opt/airflow/dags
[2024-12-18T00:36:58.994+0000] {manager.py:738} INFO - Searching for files in /opt/airflow/dags
[2024-12-18T00:36:59.002+0000] {manager.py:741} INFO - There are 0 files in /opt/airflow/dags
[2024-12-18T00:41:59.750+0000] {manager.py:738} INFO - Searching for files in /opt/airflow/dags
[2024-12-18T00:41:59.754+0000] {manager.py:741} INFO - There are 0 files in /opt/airflow/dags
[2024-12-18T00:47:00.476+0000] {manager.py:738} INFO - Searching for files in /opt/airflow/dags
[2024-12-18T00:47:00.479+0000] {manager.py:741} INFO - There are 0 files in /opt/airflow/dags
[2024-12-18T00:52:01.286+0000] {manager.py:738} INFO - Searching for files in /opt/airflow/dags
[2024-12-18T00:52:01.294+0000] {manager.py:741} INFO - There are 0 files in /opt/airflow/dags
[2024-12-18T00:57:02.023+0000] {manager.py:738} INFO - Searching for files in /opt/airflow/dags
[2024-12-18T00:57:02.032+0000] {manager.py:741} INFO - There are 0 files in /opt/airflow/dags
[2024-12-18T01:02:02.632+0000] {manager.py:738} INFO - Searching for files in /opt/airflow/dags
[2024-12-18T01:02:02.635+0000] {manager.py:741} INFO - There are 0 files in /opt/airflow/dags
[2024-12-18T01:07:03.298+0000] {manager.py:738} INFO - Searching for files in /opt/airflow/dags
[2024-12-18T01:07:03.308+0000] {manager.py:741} INFO - There are 0 files in /opt/airflow/dags
[2024-12-18T01:12:04.042+0000] {manager.py:738} INFO - Searching for files in /opt/airflow/dags
[2024-12-18T01:12:04.046+0000] {manager.py:741} INFO - There are 0 files in /opt/airflow/dags
[2024-12-18T01:17:04.758+0000] {manager.py:738} INFO - Searching for files in /opt/airflow/dags
[2024-12-18T01:17:04.762+0000] {manager.py:741} INFO - There are 0 files in /opt/airflow/dags
[2024-12-18T01:22:05.461+0000] {manager.py:738} INFO - Searching for files in /opt/airflow/dags
[2024-12-18T01:22:05.470+0000] {manager.py:741} INFO - There are 0 files in /opt/airflow/dags
[2024-12-18T01:27:06.201+0000] {manager.py:738} INFO - Searching for files in /opt/airflow/dags
[2024-12-18T01:27:06.213+0000] {manager.py:741} INFO - There are 0 files in /opt/airflow/dags
[2024-12-18T01:32:06.911+0000] {manager.py:738} INFO - Searching for files in /opt/airflow/dags
[2024-12-18T01:32:06.914+0000] {manager.py:741} INFO - There are 0 files in /opt/airflow/dags
[2024-12-18T01:37:07.593+0000] {manager.py:738} INFO - Searching for files in /opt/airflow/dags
[2024-12-18T01:37:07.598+0000] {manager.py:741} INFO - There are 0 files in /opt/airflow/dags
[2024-12-18T01:42:08.301+0000] {manager.py:738} INFO - Searching for files in /opt/airflow/dags
[2024-12-18T01:42:08.307+0000] {manager.py:741} INFO - There are 0 files in /opt/airflow/dags
[2024-12-18T01:47:09.029+0000] {manager.py:738} INFO - Searching for files in /opt/airflow/dags
[2024-12-18T01:47:09.037+0000] {manager.py:741} INFO - There are 0 files in /opt/airflow/dags
[2024-12-18T01:52:09.769+0000] {manager.py:738} INFO - Searching for files in /opt/airflow/dags
[2024-12-18T01:52:09.777+0000] {manager.py:741} INFO - There are 0 files in /opt/airflow/dags
[2024-12-18T01:57:10.421+0000] {manager.py:738} INFO - Searching for files in /opt/airflow/dags
[2024-12-18T01:57:10.425+0000] {manager.py:741} INFO - There are 0 files in /opt/airflow/dags
[2024-12-18T02:02:11.044+0000] {manager.py:738} INFO - Searching for files in /opt/airflow/dags
[2024-12-18T02:02:11.051+0000] {manager.py:741} INFO - There are 0 files in /opt/airflow/dags
[2024-12-18T02:07:11.790+0000] {manager.py:738} INFO - Searching for files in /opt/airflow/dags
[2024-12-18T02:07:11.793+0000] {manager.py:741} INFO - There are 0 files in /opt/airflow/dags
[2024-12-18T02:12:12.571+0000] {manager.py:738} INFO - Searching for files in /opt/airflow/dags
[2024-12-18T02:12:12.575+0000] {manager.py:741} INFO - There are 0 files in /opt/airflow/dags
[2024-12-18T02:17:13.334+0000] {manager.py:738} INFO - Searching for files in /opt/airflow/dags
[2024-12-18T02:17:13.342+0000] {manager.py:741} INFO - There are 0 files in /opt/airflow/dags
[2024-12-18T02:22:14.100+0000] {manager.py:738} INFO - Searching for files in /opt/airflow/dags
[2024-12-18T02:22:14.103+0000] {manager.py:741} INFO - There are 0 files in /opt/airflow/dags
[2024-12-18T02:27:14.771+0000] {manager.py:738} INFO - Searching for files in /opt/airflow/dags
[2024-12-18T02:27:14.776+0000] {manager.py:741} INFO - There are 0 files in /opt/airflow/dags
[2024-12-18T02:32:15.470+0000] {manager.py:738} INFO - Searching for files in /opt/airflow/dags
[2024-12-18T02:32:15.474+0000] {manager.py:741} INFO - There are 0 files in /opt/airflow/dags
[2024-12-18T02:37:16.191+0000] {manager.py:738} INFO - Searching for files in /opt/airflow/dags
[2024-12-18T02:37:16.200+0000] {manager.py:741} INFO - There are 0 files in /opt/airflow/dags
[2024-12-18T02:41:39.621+0000] {manager.py:451} INFO - Exiting gracefully upon receiving signal 15
[2024-12-18T02:42:37.206+0000] {manager.py:469} INFO - Processing files using up to 2 processes at a time 
[2024-12-18T02:42:37.207+0000] {manager.py:470} INFO - Process each file at most once every 30 seconds
[2024-12-18T02:42:37.208+0000] {manager.py:471} INFO - Checking for new files in /opt/airflow/dags every 300 seconds
[2024-12-18T02:42:37.209+0000] {manager.py:738} INFO - Searching for files in /opt/airflow/dags
[2024-12-18T02:42:37.213+0000] {manager.py:741} INFO - There are 0 files in /opt/airflow/dags
[2024-12-18T02:47:37.795+0000] {manager.py:738} INFO - Searching for files in /opt/airflow/dags
[2024-12-18T02:47:37.804+0000] {manager.py:741} INFO - There are 0 files in /opt/airflow/dags
[2024-12-18T02:52:38.364+0000] {manager.py:738} INFO - Searching for files in /opt/airflow/dags
[2024-12-18T02:52:38.368+0000] {manager.py:741} INFO - There are 0 files in /opt/airflow/dags
[2024-12-18T02:57:39.093+0000] {manager.py:738} INFO - Searching for files in /opt/airflow/dags
[2024-12-18T02:57:39.101+0000] {manager.py:741} INFO - There are 0 files in /opt/airflow/dags
[2024-12-18T03:02:39.769+0000] {manager.py:738} INFO - Searching for files in /opt/airflow/dags
[2024-12-18T03:02:39.780+0000] {manager.py:741} INFO - There are 0 files in /opt/airflow/dags
[2024-12-18T03:07:40.546+0000] {manager.py:738} INFO - Searching for files in /opt/airflow/dags
[2024-12-18T03:07:40.550+0000] {manager.py:741} INFO - There are 0 files in /opt/airflow/dags
[2024-12-18T03:12:41.338+0000] {manager.py:738} INFO - Searching for files in /opt/airflow/dags
[2024-12-18T03:12:41.348+0000] {manager.py:741} INFO - There are 0 files in /opt/airflow/dags
[2024-12-18T03:17:41.987+0000] {manager.py:738} INFO - Searching for files in /opt/airflow/dags
[2024-12-18T03:17:41.995+0000] {manager.py:741} INFO - There are 0 files in /opt/airflow/dags
[2024-12-18T03:20:41.848+0000] {manager.py:451} INFO - Exiting gracefully upon receiving signal 15
[2024-12-18T03:21:28.598+0000] {manager.py:469} INFO - Processing files using up to 2 processes at a time 
[2024-12-18T03:21:28.599+0000] {manager.py:470} INFO - Process each file at most once every 30 seconds
[2024-12-18T03:21:28.600+0000] {manager.py:471} INFO - Checking for new files in /opt/airflow/dags every 300 seconds
[2024-12-18T03:21:28.603+0000] {manager.py:738} INFO - Searching for files in /opt/airflow/dags
[2024-12-18T03:21:28.612+0000] {manager.py:741} INFO - There are 0 files in /opt/airflow/dags
[2024-12-18T03:26:29.422+0000] {manager.py:738} INFO - Searching for files in /opt/airflow/dags
[2024-12-18T03:26:29.428+0000] {manager.py:741} INFO - There are 0 files in /opt/airflow/dags
[2024-12-18T03:27:49.730+0000] {manager.py:451} INFO - Exiting gracefully upon receiving signal 15
[2024-12-18T03:51:55.586+0000] {manager.py:469} INFO - Processing files using up to 2 processes at a time 
[2024-12-18T03:51:55.591+0000] {manager.py:470} INFO - Process each file at most once every 30 seconds
[2024-12-18T03:51:55.592+0000] {manager.py:471} INFO - Checking for new files in /opt/airflow/dags every 300 seconds
[2024-12-18T03:51:55.594+0000] {manager.py:738} INFO - Searching for files in /opt/airflow/dags
[2024-12-18T03:51:55.599+0000] {manager.py:741} INFO - There are 0 files in /opt/airflow/dags
[2024-12-18T03:56:56.338+0000] {manager.py:738} INFO - Searching for files in /opt/airflow/dags
[2024-12-18T03:56:56.347+0000] {manager.py:741} INFO - There are 0 files in /opt/airflow/dags
[2024-12-18T04:01:57.003+0000] {manager.py:738} INFO - Searching for files in /opt/airflow/dags
[2024-12-18T04:01:57.015+0000] {manager.py:741} INFO - There are 0 files in /opt/airflow/dags
[2024-12-18T04:06:57.729+0000] {manager.py:738} INFO - Searching for files in /opt/airflow/dags
[2024-12-18T04:06:57.736+0000] {manager.py:741} INFO - There are 0 files in /opt/airflow/dags
[2024-12-18T04:11:58.347+0000] {manager.py:738} INFO - Searching for files in /opt/airflow/dags
[2024-12-18T04:11:58.351+0000] {manager.py:741} INFO - There are 0 files in /opt/airflow/dags
[2024-12-18T04:16:58.975+0000] {manager.py:738} INFO - Searching for files in /opt/airflow/dags
[2024-12-18T04:16:58.978+0000] {manager.py:741} INFO - There are 0 files in /opt/airflow/dags
[2024-12-18T04:21:59.581+0000] {manager.py:738} INFO - Searching for files in /opt/airflow/dags
[2024-12-18T04:21:59.584+0000] {manager.py:741} INFO - There are 0 files in /opt/airflow/dags
[2024-12-18T04:24:52.977+0000] {manager.py:451} INFO - Exiting gracefully upon receiving signal 15
[2024-12-18T04:28:37.090+0000] {manager.py:469} INFO - Processing files using up to 2 processes at a time 
[2024-12-18T04:28:37.094+0000] {manager.py:470} INFO - Process each file at most once every 30 seconds
[2024-12-18T04:28:37.095+0000] {manager.py:471} INFO - Checking for new files in /opt/airflow/dags every 300 seconds
[2024-12-18T04:28:37.096+0000] {manager.py:738} INFO - Searching for files in /opt/airflow/dags
[2024-12-18T04:28:37.100+0000] {manager.py:741} INFO - There are 0 files in /opt/airflow/dags
[2024-12-18T04:33:37.821+0000] {manager.py:738} INFO - Searching for files in /opt/airflow/dags
[2024-12-18T04:33:37.826+0000] {manager.py:741} INFO - There are 0 files in /opt/airflow/dags
[2024-12-18T04:38:38.399+0000] {manager.py:738} INFO - Searching for files in /opt/airflow/dags
[2024-12-18T04:38:38.409+0000] {manager.py:741} INFO - There are 0 files in /opt/airflow/dags
[2024-12-18T04:43:30.928+0000] {manager.py:451} INFO - Exiting gracefully upon receiving signal 15
[2024-12-18T12:59:17.602+0000] {manager.py:469} INFO - Processing files using up to 2 processes at a time 
[2024-12-18T12:59:17.603+0000] {manager.py:470} INFO - Process each file at most once every 30 seconds
[2024-12-18T12:59:17.604+0000] {manager.py:471} INFO - Checking for new files in /opt/airflow/dags every 300 seconds
[2024-12-18T12:59:17.606+0000] {manager.py:738} INFO - Searching for files in /opt/airflow/dags
[2024-12-18T12:59:17.611+0000] {manager.py:741} INFO - There are 0 files in /opt/airflow/dags
[2024-12-18T13:04:18.044+0000] {manager.py:738} INFO - Searching for files in /opt/airflow/dags
[2024-12-18T13:04:18.066+0000] {manager.py:741} INFO - There are 0 files in /opt/airflow/dags
[2024-12-18T13:06:40.358+0000] {manager.py:451} INFO - Exiting gracefully upon receiving signal 15
[2024-12-18T13:19:09.943+0000] {manager.py:469} INFO - Processing files using up to 2 processes at a time 
[2024-12-18T13:19:09.944+0000] {manager.py:470} INFO - Process each file at most once every 30 seconds
[2024-12-18T13:19:09.945+0000] {manager.py:471} INFO - Checking for new files in /opt/airflow/dags every 300 seconds
[2024-12-18T13:19:09.947+0000] {manager.py:738} INFO - Searching for files in /opt/airflow/dags
[2024-12-18T13:19:09.951+0000] {manager.py:741} INFO - There are 0 files in /opt/airflow/dags
[2024-12-18T13:24:10.586+0000] {manager.py:738} INFO - Searching for files in /opt/airflow/dags
[2024-12-18T13:24:10.593+0000] {manager.py:741} INFO - There are 0 files in /opt/airflow/dags
[2024-12-18T13:25:45.845+0000] {manager.py:451} INFO - Exiting gracefully upon receiving signal 15
[2024-12-18T19:15:42.396+0000] {manager.py:469} INFO - Processing files using up to 2 processes at a time 
[2024-12-18T19:15:42.399+0000] {manager.py:470} INFO - Process each file at most once every 30 seconds
[2024-12-18T19:15:42.400+0000] {manager.py:471} INFO - Checking for new files in /opt/airflow/dags every 300 seconds
[2024-12-18T19:15:42.402+0000] {manager.py:738} INFO - Searching for files in /opt/airflow/dags
[2024-12-18T19:15:42.412+0000] {manager.py:741} INFO - There are 0 files in /opt/airflow/dags
[2024-12-18T19:16:40.122+0000] {manager.py:451} INFO - Exiting gracefully upon receiving signal 15
[2024-12-18T19:18:27.437+0000] {manager.py:469} INFO - Processing files using up to 2 processes at a time 
[2024-12-18T19:18:27.441+0000] {manager.py:470} INFO - Process each file at most once every 30 seconds
[2024-12-18T19:18:27.442+0000] {manager.py:471} INFO - Checking for new files in /opt/airflow/dags every 300 seconds
[2024-12-18T19:18:27.445+0000] {manager.py:738} INFO - Searching for files in /opt/airflow/dags
[2024-12-18T19:18:27.449+0000] {manager.py:741} INFO - There are 0 files in /opt/airflow/dags
[2024-12-18T19:19:12.498+0000] {manager.py:451} INFO - Exiting gracefully upon receiving signal 15
[2024-12-18T19:20:16.485+0000] {manager.py:469} INFO - Processing files using up to 2 processes at a time 
[2024-12-18T19:20:16.488+0000] {manager.py:470} INFO - Process each file at most once every 30 seconds
[2024-12-18T19:20:16.490+0000] {manager.py:471} INFO - Checking for new files in /opt/airflow/dags every 300 seconds
[2024-12-18T19:20:16.492+0000] {manager.py:738} INFO - Searching for files in /opt/airflow/dags
[2024-12-18T19:20:16.497+0000] {manager.py:741} INFO - There are 0 files in /opt/airflow/dags
[2024-12-18T19:20:51.351+0000] {manager.py:451} INFO - Exiting gracefully upon receiving signal 15
[2024-12-18T19:36:38.935+0000] {manager.py:469} INFO - Processing files using up to 2 processes at a time 
[2024-12-18T19:36:38.939+0000] {manager.py:470} INFO - Process each file at most once every 30 seconds
[2024-12-18T19:36:38.941+0000] {manager.py:471} INFO - Checking for new files in /opt/airflow/dags every 300 seconds
[2024-12-18T19:36:38.943+0000] {manager.py:738} INFO - Searching for files in /opt/airflow/dags
[2024-12-18T19:36:38.950+0000] {manager.py:741} INFO - There are 0 files in /opt/airflow/dags
[2024-12-18T19:38:17.237+0000] {manager.py:451} INFO - Exiting gracefully upon receiving signal 15
[2024-12-18T21:57:49.714+0000] {manager.py:483} INFO - Processing files using up to 2 processes at a time 
[2024-12-18T21:57:49.719+0000] {manager.py:484} INFO - Process each file at most once every 30 seconds
[2024-12-18T21:57:49.720+0000] {manager.py:485} INFO - Checking for new files in /opt/airflow/dags every 300 seconds
[2024-12-18T21:57:49.727+0000] {manager.py:821} INFO - Searching for files in /opt/airflow/dags
[2024-12-18T21:57:49.734+0000] {manager.py:824} INFO - There are 0 files in /opt/airflow/dags
[2024-12-18T22:02:50.195+0000] {manager.py:821} INFO - Searching for files in /opt/airflow/dags
[2024-12-18T22:02:50.199+0000] {manager.py:824} INFO - There are 0 files in /opt/airflow/dags
[2024-12-18T22:07:50.668+0000] {manager.py:821} INFO - Searching for files in /opt/airflow/dags
[2024-12-18T22:07:50.673+0000] {manager.py:824} INFO - There are 0 files in /opt/airflow/dags
[2024-12-18T22:09:49.908+0000] {manager.py:465} INFO - Exiting gracefully upon receiving signal 15
[2024-12-19T04:08:16.810+0000] {manager.py:483} INFO - Processing files using up to 2 processes at a time 
[2024-12-19T04:08:16.814+0000] {manager.py:484} INFO - Process each file at most once every 30 seconds
[2024-12-19T04:08:16.815+0000] {manager.py:485} INFO - Checking for new files in /opt/airflow/dags every 300 seconds
[2024-12-19T04:08:16.816+0000] {manager.py:821} INFO - Searching for files in /opt/airflow/dags
[2024-12-19T04:08:16.823+0000] {manager.py:824} INFO - There are 0 files in /opt/airflow/dags
[2024-12-19T04:11:18.043+0000] {manager.py:465} INFO - Exiting gracefully upon receiving signal 15
[2024-12-19T04:12:52.815+0000] {manager.py:483} INFO - Processing files using up to 2 processes at a time 
[2024-12-19T04:12:52.827+0000] {manager.py:484} INFO - Process each file at most once every 30 seconds
[2024-12-19T04:12:52.829+0000] {manager.py:485} INFO - Checking for new files in /opt/airflow/dags every 300 seconds
[2024-12-19T04:12:52.830+0000] {manager.py:821} INFO - Searching for files in /opt/airflow/dags
[2024-12-19T04:12:52.868+0000] {manager.py:824} INFO - There are 0 files in /opt/airflow/dags
[2024-12-19T04:13:29.687+0000] {manager.py:465} INFO - Exiting gracefully upon receiving signal 15
[2024-12-19T12:34:39.413+0000] {manager.py:483} INFO - Processing files using up to 2 processes at a time 
[2024-12-19T12:34:39.414+0000] {manager.py:484} INFO - Process each file at most once every 30 seconds
[2024-12-19T12:34:39.415+0000] {manager.py:485} INFO - Checking for new files in /opt/airflow/dags every 300 seconds
[2024-12-19T12:34:39.416+0000] {manager.py:821} INFO - Searching for files in /opt/airflow/dags
[2024-12-19T12:34:39.422+0000] {manager.py:824} INFO - There are 0 files in /opt/airflow/dags
[2024-12-19T12:39:40.392+0000] {manager.py:821} INFO - Searching for files in /opt/airflow/dags
[2024-12-19T12:39:40.401+0000] {manager.py:824} INFO - There are 0 files in /opt/airflow/dags
[2024-12-19T12:44:40.501+0000] {manager.py:821} INFO - Searching for files in /opt/airflow/dags
[2024-12-19T12:44:40.510+0000] {manager.py:824} INFO - There are 0 files in /opt/airflow/dags
[2024-12-19T12:49:40.606+0000] {manager.py:821} INFO - Searching for files in /opt/airflow/dags
[2024-12-19T12:49:40.609+0000] {manager.py:824} INFO - There are 0 files in /opt/airflow/dags
[2024-12-19T12:50:29.915+0000] {manager.py:465} INFO - Exiting gracefully upon receiving signal 15
[2024-12-19T13:00:52.156+0000] {manager.py:483} INFO - Processing files using up to 2 processes at a time 
[2024-12-19T13:00:52.157+0000] {manager.py:484} INFO - Process each file at most once every 30 seconds
[2024-12-19T13:00:52.158+0000] {manager.py:485} INFO - Checking for new files in /opt/airflow/dags every 300 seconds
[2024-12-19T13:00:52.159+0000] {manager.py:821} INFO - Searching for files in /opt/airflow/dags
[2024-12-19T13:00:52.165+0000] {manager.py:824} INFO - There are 0 files in /opt/airflow/dags
[2024-12-19T13:05:52.349+0000] {manager.py:821} INFO - Searching for files in /opt/airflow/dags
[2024-12-19T13:05:52.353+0000] {manager.py:824} INFO - There are 0 files in /opt/airflow/dags
[2024-12-19T13:10:52.435+0000] {manager.py:821} INFO - Searching for files in /opt/airflow/dags
[2024-12-19T13:10:52.438+0000] {manager.py:824} INFO - There are 0 files in /opt/airflow/dags
[2024-12-19T13:15:52.577+0000] {manager.py:821} INFO - Searching for files in /opt/airflow/dags
[2024-12-19T13:15:52.581+0000] {manager.py:824} INFO - There are 0 files in /opt/airflow/dags
[2024-12-19T13:19:19.511+0000] {manager.py:465} INFO - Exiting gracefully upon receiving signal 15
[2024-12-19T13:21:36.249+0000] {manager.py:483} INFO - Processing files using up to 2 processes at a time 
[2024-12-19T13:21:36.250+0000] {manager.py:484} INFO - Process each file at most once every 30 seconds
[2024-12-19T13:21:36.252+0000] {manager.py:485} INFO - Checking for new files in /opt/airflow/dags every 300 seconds
[2024-12-19T13:21:36.254+0000] {manager.py:821} INFO - Searching for files in /opt/airflow/dags
[2024-12-19T13:21:36.260+0000] {manager.py:824} INFO - There are 0 files in /opt/airflow/dags
[2024-12-19T13:26:36.772+0000] {manager.py:821} INFO - Searching for files in /opt/airflow/dags
[2024-12-19T13:26:36.776+0000] {manager.py:824} INFO - There are 0 files in /opt/airflow/dags
[2024-12-19T13:31:37.316+0000] {manager.py:821} INFO - Searching for files in /opt/airflow/dags
[2024-12-19T13:31:37.320+0000] {manager.py:824} INFO - There are 0 files in /opt/airflow/dags
[2024-12-19T13:36:37.820+0000] {manager.py:821} INFO - Searching for files in /opt/airflow/dags
[2024-12-19T13:36:37.828+0000] {manager.py:824} INFO - There are 0 files in /opt/airflow/dags
[2024-12-19T13:41:38.461+0000] {manager.py:821} INFO - Searching for files in /opt/airflow/dags
[2024-12-19T13:41:38.464+0000] {manager.py:824} INFO - There are 0 files in /opt/airflow/dags
[2024-12-19T13:43:19.144+0000] {manager.py:465} INFO - Exiting gracefully upon receiving signal 15
[2024-12-19T13:44:11.012+0000] {manager.py:483} INFO - Processing files using up to 2 processes at a time 
[2024-12-19T13:44:11.013+0000] {manager.py:484} INFO - Process each file at most once every 30 seconds
[2024-12-19T13:44:11.015+0000] {manager.py:485} INFO - Checking for new files in /opt/airflow/dags every 300 seconds
[2024-12-19T13:44:11.016+0000] {manager.py:821} INFO - Searching for files in /opt/airflow/dags
[2024-12-19T13:44:11.027+0000] {manager.py:824} INFO - There are 0 files in /opt/airflow/dags
[2024-12-19T13:48:50.382+0000] {manager.py:465} INFO - Exiting gracefully upon receiving signal 15
[2024-12-21T14:40:58.382+0000] {manager.py:483} INFO - Processing files using up to 2 processes at a time 
[2024-12-21T14:40:58.383+0000] {manager.py:484} INFO - Process each file at most once every 30 seconds
[2024-12-21T14:40:58.384+0000] {manager.py:485} INFO - Checking for new files in /opt/airflow/dags every 300 seconds
[2024-12-21T14:40:58.386+0000] {manager.py:821} INFO - Searching for files in /opt/airflow/dags
[2024-12-21T14:40:58.393+0000] {manager.py:824} INFO - There are 0 files in /opt/airflow/dags
[2024-12-21T14:45:58.793+0000] {manager.py:821} INFO - Searching for files in /opt/airflow/dags
[2024-12-21T14:45:58.797+0000] {manager.py:824} INFO - There are 0 files in /opt/airflow/dags
[2024-12-21T14:50:59.494+0000] {manager.py:821} INFO - Searching for files in /opt/airflow/dags
[2024-12-21T14:50:59.505+0000] {manager.py:824} INFO - There are 0 files in /opt/airflow/dags
[2024-12-21T14:56:00.281+0000] {manager.py:821} INFO - Searching for files in /opt/airflow/dags
[2024-12-21T14:56:00.286+0000] {manager.py:824} INFO - There are 0 files in /opt/airflow/dags
[2024-12-21T15:01:00.937+0000] {manager.py:821} INFO - Searching for files in /opt/airflow/dags
[2024-12-21T15:01:00.945+0000] {manager.py:824} INFO - There are 0 files in /opt/airflow/dags
[2024-12-21T15:05:51.559+0000] {manager.py:465} INFO - Exiting gracefully upon receiving signal 15
[2024-12-21T15:20:05.439+0000] {manager.py:483} INFO - Processing files using up to 2 processes at a time 
[2024-12-21T15:20:05.440+0000] {manager.py:484} INFO - Process each file at most once every 30 seconds
[2024-12-21T15:20:05.441+0000] {manager.py:485} INFO - Checking for new files in /opt/airflow/dags every 300 seconds
[2024-12-21T15:20:05.441+0000] {manager.py:821} INFO - Searching for files in /opt/airflow/dags
[2024-12-21T15:20:05.448+0000] {manager.py:824} INFO - There are 0 files in /opt/airflow/dags
[2024-12-21T15:24:00.383+0000] {manager.py:465} INFO - Exiting gracefully upon receiving signal 15
[2024-12-21T15:37:15.440+0000] {manager.py:483} INFO - Processing files using up to 2 processes at a time 
[2024-12-21T15:37:15.441+0000] {manager.py:484} INFO - Process each file at most once every 30 seconds
[2024-12-21T15:37:15.441+0000] {manager.py:485} INFO - Checking for new files in /opt/airflow/dags every 300 seconds
[2024-12-21T15:37:15.443+0000] {manager.py:821} INFO - Searching for files in /opt/airflow/dags
[2024-12-21T15:37:15.449+0000] {manager.py:824} INFO - There are 0 files in /opt/airflow/dags
[2024-12-21T15:40:23.473+0000] {manager.py:465} INFO - Exiting gracefully upon receiving signal 15
[2024-12-21T15:58:47.229+0000] {manager.py:483} INFO - Processing files using up to 2 processes at a time 
[2024-12-21T15:58:47.230+0000] {manager.py:484} INFO - Process each file at most once every 30 seconds
[2024-12-21T15:58:47.231+0000] {manager.py:485} INFO - Checking for new files in /opt/airflow/dags every 300 seconds
[2024-12-21T15:58:47.232+0000] {manager.py:821} INFO - Searching for files in /opt/airflow/dags
[2024-12-21T15:58:47.237+0000] {manager.py:824} INFO - There are 0 files in /opt/airflow/dags
[2024-12-21T16:00:29.886+0000] {manager.py:465} INFO - Exiting gracefully upon receiving signal 15
[2024-12-21T16:32:43.261+0000] {manager.py:483} INFO - Processing files using up to 2 processes at a time 
[2024-12-21T16:32:43.265+0000] {manager.py:484} INFO - Process each file at most once every 30 seconds
[2024-12-21T16:32:43.266+0000] {manager.py:485} INFO - Checking for new files in /opt/airflow/dags every 300 seconds
[2024-12-21T16:32:43.268+0000] {manager.py:821} INFO - Searching for files in /opt/airflow/dags
[2024-12-21T16:32:43.275+0000] {manager.py:824} INFO - There are 0 files in /opt/airflow/dags
[2024-12-21T16:34:38.235+0000] {manager.py:465} INFO - Exiting gracefully upon receiving signal 15
[2024-12-21T16:48:48.072+0000] {manager.py:483} INFO - Processing files using up to 2 processes at a time 
[2024-12-21T16:48:48.073+0000] {manager.py:484} INFO - Process each file at most once every 30 seconds
[2024-12-21T16:48:48.074+0000] {manager.py:485} INFO - Checking for new files in /opt/airflow/dags every 300 seconds
[2024-12-21T16:48:48.075+0000] {manager.py:821} INFO - Searching for files in /opt/airflow/dags
[2024-12-21T16:48:48.083+0000] {manager.py:824} INFO - There are 0 files in /opt/airflow/dags
[2024-12-21T16:50:51.047+0000] {manager.py:465} INFO - Exiting gracefully upon receiving signal 15
[2024-12-21T16:55:37.895+0000] {manager.py:483} INFO - Processing files using up to 2 processes at a time 
[2024-12-21T16:55:37.896+0000] {manager.py:484} INFO - Process each file at most once every 30 seconds
[2024-12-21T16:55:37.896+0000] {manager.py:485} INFO - Checking for new files in /opt/airflow/dags every 300 seconds
[2024-12-21T16:55:37.897+0000] {manager.py:821} INFO - Searching for files in /opt/airflow/dags
[2024-12-21T16:55:37.902+0000] {manager.py:824} INFO - There are 0 files in /opt/airflow/dags
[2024-12-21T16:56:58.035+0000] {manager.py:465} INFO - Exiting gracefully upon receiving signal 15
[2024-12-21T17:03:01.304+0000] {manager.py:483} INFO - Processing files using up to 2 processes at a time 
[2024-12-21T17:03:01.312+0000] {manager.py:484} INFO - Process each file at most once every 30 seconds
[2024-12-21T17:03:01.313+0000] {manager.py:485} INFO - Checking for new files in /opt/airflow/dags every 300 seconds
[2024-12-21T17:03:01.314+0000] {manager.py:821} INFO - Searching for files in /opt/airflow/dags
[2024-12-21T17:03:01.328+0000] {manager.py:824} INFO - There are 0 files in /opt/airflow/dags
[2024-12-21T17:05:17.853+0000] {manager.py:465} INFO - Exiting gracefully upon receiving signal 15
[2024-12-21T17:10:25.980+0000] {manager.py:483} INFO - Processing files using up to 2 processes at a time 
[2024-12-21T17:10:25.981+0000] {manager.py:484} INFO - Process each file at most once every 30 seconds
[2024-12-21T17:10:25.982+0000] {manager.py:485} INFO - Checking for new files in /opt/airflow/dags every 300 seconds
[2024-12-21T17:10:25.983+0000] {manager.py:821} INFO - Searching for files in /opt/airflow/dags
[2024-12-21T17:10:25.988+0000] {manager.py:824} INFO - There are 0 files in /opt/airflow/dags
[2024-12-21T17:13:25.192+0000] {manager.py:465} INFO - Exiting gracefully upon receiving signal 15
[2024-12-21T17:14:31.598+0000] {manager.py:483} INFO - Processing files using up to 2 processes at a time 
[2024-12-21T17:14:31.599+0000] {manager.py:484} INFO - Process each file at most once every 30 seconds
[2024-12-21T17:14:31.600+0000] {manager.py:485} INFO - Checking for new files in /opt/airflow/dags every 300 seconds
[2024-12-21T17:14:31.602+0000] {manager.py:821} INFO - Searching for files in /opt/airflow/dags
[2024-12-21T17:14:31.609+0000] {manager.py:824} INFO - There are 0 files in /opt/airflow/dags
[2024-12-21T17:19:32.035+0000] {manager.py:821} INFO - Searching for files in /opt/airflow/dags
[2024-12-21T17:19:32.045+0000] {manager.py:824} INFO - There are 0 files in /opt/airflow/dags
[2024-12-21T17:20:47.618+0000] {manager.py:465} INFO - Exiting gracefully upon receiving signal 15
[2024-12-21T17:40:33.624+0000] {manager.py:483} INFO - Processing files using up to 2 processes at a time 
[2024-12-21T17:40:33.625+0000] {manager.py:484} INFO - Process each file at most once every 30 seconds
[2024-12-21T17:40:33.625+0000] {manager.py:485} INFO - Checking for new files in /opt/airflow/dags every 300 seconds
[2024-12-21T17:40:33.626+0000] {manager.py:821} INFO - Searching for files in /opt/airflow/dags
[2024-12-21T17:40:33.632+0000] {manager.py:824} INFO - There are 0 files in /opt/airflow/dags
[2024-12-21T17:44:14.474+0000] {manager.py:465} INFO - Exiting gracefully upon receiving signal 15
[2024-12-21T19:36:32.764+0000] {manager.py:483} INFO - Processing files using up to 2 processes at a time 
[2024-12-21T19:36:32.765+0000] {manager.py:484} INFO - Process each file at most once every 30 seconds
[2024-12-21T19:36:32.766+0000] {manager.py:485} INFO - Checking for new files in /opt/airflow/dags every 300 seconds
[2024-12-21T19:36:32.766+0000] {manager.py:821} INFO - Searching for files in /opt/airflow/dags
[2024-12-21T19:36:32.771+0000] {manager.py:824} INFO - There are 0 files in /opt/airflow/dags
[2024-12-21T19:41:33.317+0000] {manager.py:821} INFO - Searching for files in /opt/airflow/dags
[2024-12-21T19:41:33.322+0000] {manager.py:824} INFO - There are 0 files in /opt/airflow/dags
[2024-12-21T19:41:53.922+0000] {manager.py:465} INFO - Exiting gracefully upon receiving signal 15
[2024-12-21T19:55:51.640+0000] {manager.py:483} INFO - Processing files using up to 2 processes at a time 
[2024-12-21T19:55:51.641+0000] {manager.py:484} INFO - Process each file at most once every 30 seconds
[2024-12-21T19:55:51.642+0000] {manager.py:485} INFO - Checking for new files in /opt/airflow/dags every 300 seconds
[2024-12-21T19:55:51.644+0000] {manager.py:821} INFO - Searching for files in /opt/airflow/dags
[2024-12-21T19:55:51.652+0000] {manager.py:824} INFO - There are 0 files in /opt/airflow/dags
[2024-12-21T19:57:08.108+0000] {manager.py:465} INFO - Exiting gracefully upon receiving signal 15
[2025-01-01T23:36:49.209+0000] {manager.py:483} INFO - Processing files using up to 2 processes at a time 
[2025-01-01T23:36:49.212+0000] {manager.py:484} INFO - Process each file at most once every 30 seconds
[2025-01-01T23:36:49.213+0000] {manager.py:485} INFO - Checking for new files in /opt/airflow/dags every 300 seconds
[2025-01-01T23:36:49.216+0000] {manager.py:821} INFO - Searching for files in /opt/airflow/dags
[2025-01-01T23:36:49.223+0000] {manager.py:824} INFO - There are 0 files in /opt/airflow/dags
[2025-01-01T23:52:59.330+0000] {manager.py:483} INFO - Processing files using up to 2 processes at a time 
[2025-01-01T23:52:59.335+0000] {manager.py:484} INFO - Process each file at most once every 30 seconds
[2025-01-01T23:52:59.335+0000] {manager.py:485} INFO - Checking for new files in /opt/airflow/dags every 300 seconds
[2025-01-01T23:52:59.336+0000] {manager.py:821} INFO - Searching for files in /opt/airflow/dags
[2025-01-01T23:52:59.349+0000] {manager.py:824} INFO - There are 0 files in /opt/airflow/dags
[2025-01-02T00:07:39.464+0000] {manager.py:483} INFO - Processing files using up to 2 processes at a time 
[2025-01-02T00:07:39.465+0000] {manager.py:484} INFO - Process each file at most once every 30 seconds
[2025-01-02T00:07:39.466+0000] {manager.py:485} INFO - Checking for new files in /opt/airflow/dags every 300 seconds
[2025-01-02T00:07:39.467+0000] {manager.py:821} INFO - Searching for files in /opt/airflow/dags
[2025-01-02T00:07:39.473+0000] {manager.py:824} INFO - There are 0 files in /opt/airflow/dags
[2025-01-02T01:47:54.991+0000] {manager.py:483} INFO - Processing files using up to 2 processes at a time 
[2025-01-02T01:47:54.992+0000] {manager.py:484} INFO - Process each file at most once every 30 seconds
[2025-01-02T01:47:54.993+0000] {manager.py:485} INFO - Checking for new files in /opt/airflow/dags every 300 seconds
[2025-01-02T01:47:54.993+0000] {manager.py:821} INFO - Searching for files in /opt/airflow/dags
[2025-01-02T01:47:55.000+0000] {manager.py:824} INFO - There are 0 files in /opt/airflow/dags
[2025-01-02T01:52:55.258+0000] {manager.py:821} INFO - Searching for files in /opt/airflow/dags
[2025-01-02T01:52:55.262+0000] {manager.py:824} INFO - There are 0 files in /opt/airflow/dags
[2025-01-02T01:57:55.714+0000] {manager.py:821} INFO - Searching for files in /opt/airflow/dags
[2025-01-02T01:57:55.718+0000] {manager.py:824} INFO - There are 0 files in /opt/airflow/dags
[2025-01-02T02:02:56.184+0000] {manager.py:821} INFO - Searching for files in /opt/airflow/dags
[2025-01-02T02:02:56.194+0000] {manager.py:824} INFO - There are 0 files in /opt/airflow/dags
[2025-01-02T02:07:56.846+0000] {manager.py:821} INFO - Searching for files in /opt/airflow/dags
[2025-01-02T02:07:56.856+0000] {manager.py:824} INFO - There are 0 files in /opt/airflow/dags
[2025-01-02T02:12:57.540+0000] {manager.py:821} INFO - Searching for files in /opt/airflow/dags
[2025-01-02T02:12:57.551+0000] {manager.py:824} INFO - There are 0 files in /opt/airflow/dags
[2025-01-02T02:17:58.241+0000] {manager.py:821} INFO - Searching for files in /opt/airflow/dags
[2025-01-02T02:17:58.246+0000] {manager.py:824} INFO - There are 0 files in /opt/airflow/dags
[2025-01-02T02:22:58.885+0000] {manager.py:821} INFO - Searching for files in /opt/airflow/dags
[2025-01-02T02:22:58.890+0000] {manager.py:824} INFO - There are 0 files in /opt/airflow/dags
[2025-01-02T02:27:59.505+0000] {manager.py:821} INFO - Searching for files in /opt/airflow/dags
[2025-01-02T02:27:59.514+0000] {manager.py:824} INFO - There are 0 files in /opt/airflow/dags
[2025-01-02T02:33:00.205+0000] {manager.py:821} INFO - Searching for files in /opt/airflow/dags
[2025-01-02T02:33:00.215+0000] {manager.py:824} INFO - There are 0 files in /opt/airflow/dags
[2025-01-02T02:38:00.895+0000] {manager.py:821} INFO - Searching for files in /opt/airflow/dags
[2025-01-02T02:38:00.899+0000] {manager.py:824} INFO - There are 0 files in /opt/airflow/dags
[2025-01-02T02:43:01.495+0000] {manager.py:821} INFO - Searching for files in /opt/airflow/dags
[2025-01-02T02:43:01.503+0000] {manager.py:824} INFO - There are 0 files in /opt/airflow/dags
[2025-01-02T02:48:02.139+0000] {manager.py:821} INFO - Searching for files in /opt/airflow/dags
[2025-01-02T02:48:02.143+0000] {manager.py:824} INFO - There are 0 files in /opt/airflow/dags
[2025-01-02T02:53:02.834+0000] {manager.py:821} INFO - Searching for files in /opt/airflow/dags
[2025-01-02T02:53:02.839+0000] {manager.py:824} INFO - There are 0 files in /opt/airflow/dags
[2025-01-02T02:58:03.482+0000] {manager.py:821} INFO - Searching for files in /opt/airflow/dags
[2025-01-02T02:58:03.491+0000] {manager.py:824} INFO - There are 0 files in /opt/airflow/dags
[2025-01-02T03:03:04.013+0000] {manager.py:821} INFO - Searching for files in /opt/airflow/dags
[2025-01-02T03:03:04.022+0000] {manager.py:824} INFO - There are 0 files in /opt/airflow/dags
[2025-01-02T03:08:04.661+0000] {manager.py:821} INFO - Searching for files in /opt/airflow/dags
[2025-01-02T03:08:04.670+0000] {manager.py:824} INFO - There are 0 files in /opt/airflow/dags
[2025-01-02T03:13:05.245+0000] {manager.py:821} INFO - Searching for files in /opt/airflow/dags
[2025-01-02T03:13:05.252+0000] {manager.py:824} INFO - There are 0 files in /opt/airflow/dags
[2025-01-02T03:59:31.676+0000] {manager.py:483} INFO - Processing files using up to 2 processes at a time 
[2025-01-02T03:59:31.677+0000] {manager.py:484} INFO - Process each file at most once every 30 seconds
[2025-01-02T03:59:31.678+0000] {manager.py:485} INFO - Checking for new files in /opt/airflow/dags every 300 seconds
[2025-01-02T03:59:31.679+0000] {manager.py:821} INFO - Searching for files in /opt/airflow/dags
[2025-01-02T03:59:31.686+0000] {manager.py:824} INFO - There are 0 files in /opt/airflow/dags
[2025-01-02T04:04:16.719+0000] {manager.py:483} INFO - Processing files using up to 2 processes at a time 
[2025-01-02T04:04:16.720+0000] {manager.py:484} INFO - Process each file at most once every 30 seconds
[2025-01-02T04:04:16.721+0000] {manager.py:485} INFO - Checking for new files in /opt/airflow/dags every 300 seconds
[2025-01-02T04:04:16.721+0000] {manager.py:821} INFO - Searching for files in /opt/airflow/dags
[2025-01-02T04:04:16.727+0000] {manager.py:824} INFO - There are 0 files in /opt/airflow/dags
[2025-01-02T04:05:25.438+0000] {manager.py:465} INFO - Exiting gracefully upon receiving signal 15
[2025-01-02T04:07:03.046+0000] {manager.py:483} INFO - Processing files using up to 2 processes at a time 
[2025-01-02T04:07:03.047+0000] {manager.py:484} INFO - Process each file at most once every 30 seconds
[2025-01-02T04:07:03.048+0000] {manager.py:485} INFO - Checking for new files in /opt/airflow/dags every 300 seconds
[2025-01-02T04:07:03.049+0000] {manager.py:821} INFO - Searching for files in /opt/airflow/dags
[2025-01-02T04:07:03.055+0000] {manager.py:824} INFO - There are 0 files in /opt/airflow/dags
[2025-01-02T04:11:11.034+0000] {manager.py:465} INFO - Exiting gracefully upon receiving signal 15
[2025-01-02T04:11:56.429+0000] {manager.py:483} INFO - Processing files using up to 2 processes at a time 
[2025-01-02T04:11:56.430+0000] {manager.py:484} INFO - Process each file at most once every 30 seconds
[2025-01-02T04:11:56.431+0000] {manager.py:485} INFO - Checking for new files in /opt/airflow/dags every 300 seconds
[2025-01-02T04:11:56.432+0000] {manager.py:821} INFO - Searching for files in /opt/airflow/dags
[2025-01-02T04:11:56.440+0000] {manager.py:824} INFO - There are 0 files in /opt/airflow/dags
[2025-01-02T04:16:56.581+0000] {manager.py:821} INFO - Searching for files in /opt/airflow/dags
[2025-01-02T04:16:56.586+0000] {manager.py:824} INFO - There are 0 files in /opt/airflow/dags
[2025-01-02T04:18:42.485+0000] {manager.py:465} INFO - Exiting gracefully upon receiving signal 15
[2025-01-02T04:22:07.223+0000] {manager.py:483} INFO - Processing files using up to 2 processes at a time 
[2025-01-02T04:22:07.227+0000] {manager.py:484} INFO - Process each file at most once every 30 seconds
[2025-01-02T04:22:07.228+0000] {manager.py:485} INFO - Checking for new files in /opt/airflow/dags every 300 seconds
[2025-01-02T04:22:07.229+0000] {manager.py:821} INFO - Searching for files in /opt/airflow/dags
[2025-01-02T04:22:07.234+0000] {manager.py:824} INFO - There are 0 files in /opt/airflow/dags
[2025-01-02T04:22:51.452+0000] {manager.py:465} INFO - Exiting gracefully upon receiving signal 15
[2025-01-02T04:24:58.386+0000] {manager.py:483} INFO - Processing files using up to 2 processes at a time 
[2025-01-02T04:24:58.388+0000] {manager.py:484} INFO - Process each file at most once every 30 seconds
[2025-01-02T04:24:58.389+0000] {manager.py:485} INFO - Checking for new files in /opt/airflow/dags every 300 seconds
[2025-01-02T04:24:58.390+0000] {manager.py:821} INFO - Searching for files in /opt/airflow/dags
[2025-01-02T04:24:58.397+0000] {manager.py:824} INFO - There are 0 files in /opt/airflow/dags
[2025-01-02T04:26:05.228+0000] {manager.py:465} INFO - Exiting gracefully upon receiving signal 15
[2025-01-02T04:26:54.451+0000] {manager.py:483} INFO - Processing files using up to 2 processes at a time 
[2025-01-02T04:26:54.452+0000] {manager.py:484} INFO - Process each file at most once every 30 seconds
[2025-01-02T04:26:54.453+0000] {manager.py:485} INFO - Checking for new files in /opt/airflow/dags every 300 seconds
[2025-01-02T04:26:54.454+0000] {manager.py:821} INFO - Searching for files in /opt/airflow/dags
[2025-01-02T04:26:54.459+0000] {manager.py:824} INFO - There are 0 files in /opt/airflow/dags
[2025-01-02T04:28:01.273+0000] {manager.py:465} INFO - Exiting gracefully upon receiving signal 15
[2025-01-02T04:29:07.171+0000] {manager.py:483} INFO - Processing files using up to 2 processes at a time 
[2025-01-02T04:29:07.171+0000] {manager.py:484} INFO - Process each file at most once every 30 seconds
[2025-01-02T04:29:07.173+0000] {manager.py:485} INFO - Checking for new files in /opt/airflow/dags every 300 seconds
[2025-01-02T04:29:07.173+0000] {manager.py:821} INFO - Searching for files in /opt/airflow/dags
[2025-01-02T04:29:07.178+0000] {manager.py:824} INFO - There are 0 files in /opt/airflow/dags
[2025-01-02T04:31:16.205+0000] {manager.py:465} INFO - Exiting gracefully upon receiving signal 15
[2025-01-02T04:36:29.248+0000] {manager.py:483} INFO - Processing files using up to 2 processes at a time 
[2025-01-02T04:36:29.249+0000] {manager.py:484} INFO - Process each file at most once every 30 seconds
[2025-01-02T04:36:29.250+0000] {manager.py:485} INFO - Checking for new files in /opt/airflow/dags every 300 seconds
[2025-01-02T04:36:29.252+0000] {manager.py:821} INFO - Searching for files in /opt/airflow/dags
[2025-01-02T04:36:29.257+0000] {manager.py:824} INFO - There are 0 files in /opt/airflow/dags
[2025-01-02T04:36:52.775+0000] {manager.py:465} INFO - Exiting gracefully upon receiving signal 15
[2025-01-02T04:38:35.325+0000] {manager.py:483} INFO - Processing files using up to 2 processes at a time 
[2025-01-02T04:38:35.325+0000] {manager.py:484} INFO - Process each file at most once every 30 seconds
[2025-01-02T04:38:35.326+0000] {manager.py:485} INFO - Checking for new files in /opt/airflow/dags every 300 seconds
[2025-01-02T04:38:35.327+0000] {manager.py:821} INFO - Searching for files in /opt/airflow/dags
[2025-01-02T04:38:35.333+0000] {manager.py:824} INFO - There are 0 files in /opt/airflow/dags
[2025-01-02T04:43:35.934+0000] {manager.py:821} INFO - Searching for files in /opt/airflow/dags
[2025-01-02T04:43:35.939+0000] {manager.py:824} INFO - There are 0 files in /opt/airflow/dags
[2025-01-02T04:45:05.889+0000] {manager.py:465} INFO - Exiting gracefully upon receiving signal 15
[2025-01-02T16:18:04.684+0000] {manager.py:483} INFO - Processing files using up to 2 processes at a time 
[2025-01-02T16:18:04.688+0000] {manager.py:484} INFO - Process each file at most once every 30 seconds
[2025-01-02T16:18:04.689+0000] {manager.py:485} INFO - Checking for new files in /opt/airflow/dags every 300 seconds
[2025-01-02T16:18:04.690+0000] {manager.py:821} INFO - Searching for files in /opt/airflow/dags
[2025-01-02T16:18:04.694+0000] {manager.py:824} INFO - There are 0 files in /opt/airflow/dags
[2025-01-02T16:23:05.253+0000] {manager.py:821} INFO - Searching for files in /opt/airflow/dags
[2025-01-02T16:23:05.261+0000] {manager.py:824} INFO - There are 0 files in /opt/airflow/dags
[2025-01-02T16:27:40.206+0000] {manager.py:465} INFO - Exiting gracefully upon receiving signal 15
[2025-01-02T16:32:02.971+0000] {manager.py:483} INFO - Processing files using up to 2 processes at a time 
[2025-01-02T16:32:02.972+0000] {manager.py:484} INFO - Process each file at most once every 30 seconds
[2025-01-02T16:32:02.973+0000] {manager.py:485} INFO - Checking for new files in /opt/airflow/dags every 300 seconds
[2025-01-02T16:32:02.974+0000] {manager.py:821} INFO - Searching for files in /opt/airflow/dags
[2025-01-02T16:32:02.978+0000] {manager.py:824} INFO - There are 0 files in /opt/airflow/dags
[2025-01-02T16:36:06.089+0000] {manager.py:465} INFO - Exiting gracefully upon receiving signal 15
[2025-01-02T16:39:18.201+0000] {manager.py:483} INFO - Processing files using up to 2 processes at a time 
[2025-01-02T16:39:18.201+0000] {manager.py:484} INFO - Process each file at most once every 30 seconds
[2025-01-02T16:39:18.202+0000] {manager.py:485} INFO - Checking for new files in /opt/airflow/dags every 300 seconds
[2025-01-02T16:39:18.203+0000] {manager.py:821} INFO - Searching for files in /opt/airflow/dags
[2025-01-02T16:39:18.207+0000] {manager.py:824} INFO - There are 0 files in /opt/airflow/dags
[2025-01-02T16:44:18.545+0000] {manager.py:821} INFO - Searching for files in /opt/airflow/dags
[2025-01-02T16:44:18.547+0000] {manager.py:824} INFO - There are 0 files in /opt/airflow/dags
[2025-01-02T16:49:19.000+0000] {manager.py:821} INFO - Searching for files in /opt/airflow/dags
[2025-01-02T16:49:19.005+0000] {manager.py:824} INFO - There are 0 files in /opt/airflow/dags
[2025-01-02T16:50:20.858+0000] {manager.py:465} INFO - Exiting gracefully upon receiving signal 15
[2025-01-02T16:55:50.184+0000] {manager.py:483} INFO - Processing files using up to 2 processes at a time 
[2025-01-02T16:55:50.185+0000] {manager.py:484} INFO - Process each file at most once every 30 seconds
[2025-01-02T16:55:50.186+0000] {manager.py:485} INFO - Checking for new files in /opt/airflow/dags every 300 seconds
[2025-01-02T16:55:50.186+0000] {manager.py:821} INFO - Searching for files in /opt/airflow/dags
[2025-01-02T16:55:50.189+0000] {manager.py:824} INFO - There are 0 files in /opt/airflow/dags
[2025-01-02T17:00:50.580+0000] {manager.py:821} INFO - Searching for files in /opt/airflow/dags
[2025-01-02T17:00:50.582+0000] {manager.py:824} INFO - There are 0 files in /opt/airflow/dags
[2025-01-02T17:02:53.915+0000] {manager.py:465} INFO - Exiting gracefully upon receiving signal 15
[2025-01-02T17:07:58.444+0000] {manager.py:483} INFO - Processing files using up to 2 processes at a time 
[2025-01-02T17:07:58.449+0000] {manager.py:484} INFO - Process each file at most once every 30 seconds
[2025-01-02T17:07:58.450+0000] {manager.py:485} INFO - Checking for new files in /opt/airflow/dags every 300 seconds
[2025-01-02T17:07:58.452+0000] {manager.py:821} INFO - Searching for files in /opt/airflow/dags
[2025-01-02T17:07:58.454+0000] {manager.py:824} INFO - There are 0 files in /opt/airflow/dags
[2025-01-02T17:12:59.098+0000] {manager.py:821} INFO - Searching for files in /opt/airflow/dags
[2025-01-02T17:12:59.107+0000] {manager.py:824} INFO - There are 0 files in /opt/airflow/dags
[2025-01-02T17:17:59.717+0000] {manager.py:821} INFO - Searching for files in /opt/airflow/dags
[2025-01-02T17:17:59.721+0000] {manager.py:824} INFO - There are 0 files in /opt/airflow/dags
[2025-01-02T17:23:00.279+0000] {manager.py:821} INFO - Searching for files in /opt/airflow/dags
[2025-01-02T17:23:00.289+0000] {manager.py:824} INFO - There are 0 files in /opt/airflow/dags
[2025-01-02T17:28:00.897+0000] {manager.py:821} INFO - Searching for files in /opt/airflow/dags
[2025-01-02T17:28:00.899+0000] {manager.py:824} INFO - There are 0 files in /opt/airflow/dags
[2025-01-02T17:33:01.526+0000] {manager.py:821} INFO - Searching for files in /opt/airflow/dags
[2025-01-02T17:33:01.532+0000] {manager.py:824} INFO - There are 0 files in /opt/airflow/dags
[2025-01-02T17:38:02.058+0000] {manager.py:821} INFO - Searching for files in /opt/airflow/dags
[2025-01-02T17:38:02.060+0000] {manager.py:824} INFO - There are 0 files in /opt/airflow/dags
[2025-01-02T17:43:02.600+0000] {manager.py:821} INFO - Searching for files in /opt/airflow/dags
[2025-01-02T17:43:02.605+0000] {manager.py:824} INFO - There are 0 files in /opt/airflow/dags
[2025-01-02T17:48:03.407+0000] {manager.py:821} INFO - Searching for files in /opt/airflow/dags
[2025-01-02T17:48:03.411+0000] {manager.py:824} INFO - There are 0 files in /opt/airflow/dags
[2025-01-02T17:53:03.895+0000] {manager.py:821} INFO - Searching for files in /opt/airflow/dags
[2025-01-02T17:53:03.899+0000] {manager.py:824} INFO - There are 0 files in /opt/airflow/dags
[2025-01-02T17:58:04.434+0000] {manager.py:821} INFO - Searching for files in /opt/airflow/dags
[2025-01-02T17:58:04.436+0000] {manager.py:824} INFO - There are 0 files in /opt/airflow/dags
[2025-01-02T18:03:04.968+0000] {manager.py:821} INFO - Searching for files in /opt/airflow/dags
[2025-01-02T18:03:04.973+0000] {manager.py:824} INFO - There are 0 files in /opt/airflow/dags
[2025-01-02T18:08:05.584+0000] {manager.py:821} INFO - Searching for files in /opt/airflow/dags
[2025-01-02T18:08:05.591+0000] {manager.py:824} INFO - There are 0 files in /opt/airflow/dags
[2025-01-02T18:13:06.210+0000] {manager.py:821} INFO - Searching for files in /opt/airflow/dags
[2025-01-02T18:13:06.214+0000] {manager.py:824} INFO - There are 0 files in /opt/airflow/dags
[2025-01-02T18:18:06.746+0000] {manager.py:821} INFO - Searching for files in /opt/airflow/dags
[2025-01-02T18:18:06.752+0000] {manager.py:824} INFO - There are 0 files in /opt/airflow/dags
[2025-01-02T18:23:07.214+0000] {manager.py:821} INFO - Searching for files in /opt/airflow/dags
[2025-01-02T18:23:07.216+0000] {manager.py:824} INFO - There are 0 files in /opt/airflow/dags
[2025-01-02T18:28:07.712+0000] {manager.py:821} INFO - Searching for files in /opt/airflow/dags
[2025-01-02T18:28:07.714+0000] {manager.py:824} INFO - There are 0 files in /opt/airflow/dags
[2025-01-02T18:33:08.195+0000] {manager.py:821} INFO - Searching for files in /opt/airflow/dags
[2025-01-02T18:33:08.197+0000] {manager.py:824} INFO - There are 0 files in /opt/airflow/dags
[2025-01-02T18:38:08.685+0000] {manager.py:821} INFO - Searching for files in /opt/airflow/dags
[2025-01-02T18:38:08.687+0000] {manager.py:824} INFO - There are 0 files in /opt/airflow/dags
[2025-01-02T18:43:09.191+0000] {manager.py:821} INFO - Searching for files in /opt/airflow/dags
[2025-01-02T18:43:09.193+0000] {manager.py:824} INFO - There are 0 files in /opt/airflow/dags
[2025-01-02T18:48:09.809+0000] {manager.py:821} INFO - Searching for files in /opt/airflow/dags
[2025-01-02T18:48:09.813+0000] {manager.py:824} INFO - There are 0 files in /opt/airflow/dags
[2025-01-02T18:53:10.402+0000] {manager.py:821} INFO - Searching for files in /opt/airflow/dags
[2025-01-02T18:53:10.405+0000] {manager.py:824} INFO - There are 0 files in /opt/airflow/dags
[2025-01-02T18:58:10.982+0000] {manager.py:821} INFO - Searching for files in /opt/airflow/dags
[2025-01-02T18:58:10.984+0000] {manager.py:824} INFO - There are 0 files in /opt/airflow/dags
[2025-01-02T19:03:11.511+0000] {manager.py:821} INFO - Searching for files in /opt/airflow/dags
[2025-01-02T19:03:11.515+0000] {manager.py:824} INFO - There are 0 files in /opt/airflow/dags
[2025-01-02T19:08:12.048+0000] {manager.py:821} INFO - Searching for files in /opt/airflow/dags
[2025-01-02T19:08:12.053+0000] {manager.py:824} INFO - There are 0 files in /opt/airflow/dags
[2025-01-02T19:13:12.650+0000] {manager.py:821} INFO - Searching for files in /opt/airflow/dags
[2025-01-02T19:13:12.652+0000] {manager.py:824} INFO - There are 0 files in /opt/airflow/dags
[2025-01-02T19:18:13.185+0000] {manager.py:821} INFO - Searching for files in /opt/airflow/dags
[2025-01-02T19:18:13.188+0000] {manager.py:824} INFO - There are 0 files in /opt/airflow/dags
[2025-01-02T19:23:13.664+0000] {manager.py:821} INFO - Searching for files in /opt/airflow/dags
[2025-01-02T19:23:13.669+0000] {manager.py:824} INFO - There are 0 files in /opt/airflow/dags
[2025-01-02T19:28:14.188+0000] {manager.py:821} INFO - Searching for files in /opt/airflow/dags
[2025-01-02T19:28:14.190+0000] {manager.py:824} INFO - There are 0 files in /opt/airflow/dags
[2025-01-02T19:33:14.762+0000] {manager.py:821} INFO - Searching for files in /opt/airflow/dags
[2025-01-02T19:33:14.765+0000] {manager.py:824} INFO - There are 0 files in /opt/airflow/dags
[2025-01-02T19:38:15.388+0000] {manager.py:821} INFO - Searching for files in /opt/airflow/dags
[2025-01-02T19:38:15.394+0000] {manager.py:824} INFO - There are 0 files in /opt/airflow/dags
[2025-01-02T19:43:15.889+0000] {manager.py:821} INFO - Searching for files in /opt/airflow/dags
[2025-01-02T19:43:15.895+0000] {manager.py:824} INFO - There are 0 files in /opt/airflow/dags
[2025-01-02T19:48:16.491+0000] {manager.py:821} INFO - Searching for files in /opt/airflow/dags
[2025-01-02T19:48:16.496+0000] {manager.py:824} INFO - There are 0 files in /opt/airflow/dags
[2025-01-02T19:52:51.897+0000] {manager.py:465} INFO - Exiting gracefully upon receiving signal 15
[2025-01-03T15:05:21.055+0000] {manager.py:483} INFO - Processing files using up to 2 processes at a time 
[2025-01-03T15:05:21.057+0000] {manager.py:484} INFO - Process each file at most once every 30 seconds
[2025-01-03T15:05:21.059+0000] {manager.py:485} INFO - Checking for new files in /opt/airflow/dags every 300 seconds
[2025-01-03T15:05:21.061+0000] {manager.py:821} INFO - Searching for files in /opt/airflow/dags
[2025-01-03T15:05:21.064+0000] {manager.py:824} INFO - There are 0 files in /opt/airflow/dags
[2025-01-03T15:05:27.479+0000] {manager.py:465} INFO - Exiting gracefully upon receiving signal 15
[2025-01-03T15:07:13.149+0000] {manager.py:483} INFO - Processing files using up to 2 processes at a time 
[2025-01-03T15:07:13.150+0000] {manager.py:484} INFO - Process each file at most once every 30 seconds
[2025-01-03T15:07:13.151+0000] {manager.py:485} INFO - Checking for new files in /opt/airflow/dags every 300 seconds
[2025-01-03T15:07:13.152+0000] {manager.py:821} INFO - Searching for files in /opt/airflow/dags
[2025-01-03T15:07:13.155+0000] {manager.py:824} INFO - There are 0 files in /opt/airflow/dags
[2025-01-03T15:12:13.196+0000] {manager.py:821} INFO - Searching for files in /opt/airflow/dags
[2025-01-03T15:12:13.209+0000] {manager.py:824} INFO - There are 0 files in /opt/airflow/dags
[2025-01-03T15:13:59.326+0000] {manager.py:465} INFO - Exiting gracefully upon receiving signal 15
[2025-01-03T20:06:53.459+0000] {manager.py:483} INFO - Processing files using up to 2 processes at a time 
[2025-01-03T20:06:53.461+0000] {manager.py:484} INFO - Process each file at most once every 30 seconds
[2025-01-03T20:06:53.462+0000] {manager.py:485} INFO - Checking for new files in /opt/airflow/dags every 300 seconds
[2025-01-03T20:06:53.463+0000] {manager.py:821} INFO - Searching for files in /opt/airflow/dags
[2025-01-03T20:06:53.466+0000] {manager.py:824} INFO - There are 0 files in /opt/airflow/dags
[2025-01-03T20:08:38.345+0000] {manager.py:465} INFO - Exiting gracefully upon receiving signal 15
[2025-01-03T20:24:03.920+0000] {manager.py:483} INFO - Processing files using up to 2 processes at a time 
[2025-01-03T20:24:03.920+0000] {manager.py:484} INFO - Process each file at most once every 30 seconds
[2025-01-03T20:24:03.921+0000] {manager.py:485} INFO - Checking for new files in /opt/airflow/dags every 300 seconds
[2025-01-03T20:24:03.922+0000] {manager.py:821} INFO - Searching for files in /opt/airflow/dags
[2025-01-03T20:24:03.927+0000] {manager.py:824} INFO - There are 0 files in /opt/airflow/dags
[2025-01-03T20:29:04.249+0000] {manager.py:821} INFO - Searching for files in /opt/airflow/dags
[2025-01-03T20:29:04.252+0000] {manager.py:824} INFO - There are 0 files in /opt/airflow/dags
[2025-01-03T20:31:13.221+0000] {manager.py:465} INFO - Exiting gracefully upon receiving signal 15
[2025-01-03T20:32:55.038+0000] {manager.py:483} INFO - Processing files using up to 2 processes at a time 
[2025-01-03T20:32:55.039+0000] {manager.py:484} INFO - Process each file at most once every 30 seconds
[2025-01-03T20:32:55.039+0000] {manager.py:485} INFO - Checking for new files in /opt/airflow/dags every 300 seconds
[2025-01-03T20:32:55.040+0000] {manager.py:821} INFO - Searching for files in /opt/airflow/dags
[2025-01-03T20:32:55.042+0000] {manager.py:824} INFO - There are 0 files in /opt/airflow/dags
[2025-01-03T20:35:37.785+0000] {manager.py:465} INFO - Exiting gracefully upon receiving signal 15
[2025-01-03T21:13:37.275+0000] {manager.py:483} INFO - Processing files using up to 2 processes at a time 
[2025-01-03T21:13:37.281+0000] {manager.py:484} INFO - Process each file at most once every 30 seconds
[2025-01-03T21:13:37.282+0000] {manager.py:485} INFO - Checking for new files in /opt/airflow/dags every 300 seconds
[2025-01-03T21:13:37.284+0000] {manager.py:821} INFO - Searching for files in /opt/airflow/dags
[2025-01-03T21:13:37.287+0000] {manager.py:824} INFO - There are 0 files in /opt/airflow/dags
[2025-01-03T21:18:37.896+0000] {manager.py:821} INFO - Searching for files in /opt/airflow/dags
[2025-01-03T21:18:37.901+0000] {manager.py:824} INFO - There are 0 files in /opt/airflow/dags
[2025-01-03T21:23:38.445+0000] {manager.py:821} INFO - Searching for files in /opt/airflow/dags
[2025-01-03T21:23:38.447+0000] {manager.py:824} INFO - There are 0 files in /opt/airflow/dags
[2025-01-03T21:28:38.989+0000] {manager.py:821} INFO - Searching for files in /opt/airflow/dags
[2025-01-03T21:28:38.996+0000] {manager.py:824} INFO - There are 0 files in /opt/airflow/dags
[2025-01-03T21:33:39.589+0000] {manager.py:821} INFO - Searching for files in /opt/airflow/dags
[2025-01-03T21:33:39.592+0000] {manager.py:824} INFO - There are 0 files in /opt/airflow/dags
[2025-01-03T21:38:40.153+0000] {manager.py:821} INFO - Searching for files in /opt/airflow/dags
[2025-01-03T21:38:40.154+0000] {manager.py:824} INFO - There are 0 files in /opt/airflow/dags
[2025-01-03T21:43:40.721+0000] {manager.py:821} INFO - Searching for files in /opt/airflow/dags
[2025-01-03T21:43:40.724+0000] {manager.py:824} INFO - There are 0 files in /opt/airflow/dags
[2025-01-03T21:44:44.982+0000] {manager.py:465} INFO - Exiting gracefully upon receiving signal 15
[2025-01-04T02:16:06.123+0000] {manager.py:483} INFO - Processing files using up to 2 processes at a time 
[2025-01-04T02:16:06.125+0000] {manager.py:484} INFO - Process each file at most once every 30 seconds
[2025-01-04T02:16:06.126+0000] {manager.py:485} INFO - Checking for new files in /opt/airflow/dags every 300 seconds
[2025-01-04T02:16:06.127+0000] {manager.py:821} INFO - Searching for files in /opt/airflow/dags
[2025-01-04T02:16:06.131+0000] {manager.py:824} INFO - There are 0 files in /opt/airflow/dags
[2025-01-04T02:21:06.741+0000] {manager.py:821} INFO - Searching for files in /opt/airflow/dags
[2025-01-04T02:21:06.746+0000] {manager.py:824} INFO - There are 0 files in /opt/airflow/dags
[2025-01-04T02:26:07.344+0000] {manager.py:821} INFO - Searching for files in /opt/airflow/dags
[2025-01-04T02:26:07.346+0000] {manager.py:824} INFO - There are 0 files in /opt/airflow/dags
[2025-01-04T02:31:07.926+0000] {manager.py:821} INFO - Searching for files in /opt/airflow/dags
[2025-01-04T02:31:07.928+0000] {manager.py:824} INFO - There are 0 files in /opt/airflow/dags
[2025-01-04T02:36:08.526+0000] {manager.py:821} INFO - Searching for files in /opt/airflow/dags
[2025-01-04T02:36:08.528+0000] {manager.py:824} INFO - There are 0 files in /opt/airflow/dags
[2025-01-04T02:41:09.131+0000] {manager.py:821} INFO - Searching for files in /opt/airflow/dags
[2025-01-04T02:41:09.132+0000] {manager.py:824} INFO - There are 0 files in /opt/airflow/dags
[2025-01-04T02:46:09.717+0000] {manager.py:821} INFO - Searching for files in /opt/airflow/dags
[2025-01-04T02:46:09.723+0000] {manager.py:824} INFO - There are 0 files in /opt/airflow/dags
[2025-01-04T02:51:10.274+0000] {manager.py:821} INFO - Searching for files in /opt/airflow/dags
[2025-01-04T02:51:10.277+0000] {manager.py:824} INFO - There are 0 files in /opt/airflow/dags
[2025-01-04T02:56:10.918+0000] {manager.py:821} INFO - Searching for files in /opt/airflow/dags
[2025-01-04T02:56:10.927+0000] {manager.py:824} INFO - There are 0 files in /opt/airflow/dags
[2025-01-04T03:01:11.583+0000] {manager.py:821} INFO - Searching for files in /opt/airflow/dags
[2025-01-04T03:01:11.588+0000] {manager.py:824} INFO - There are 0 files in /opt/airflow/dags
[2025-01-04T03:06:11.923+0000] {manager.py:821} INFO - Searching for files in /opt/airflow/dags
[2025-01-04T03:06:11.929+0000] {manager.py:824} INFO - There are 0 files in /opt/airflow/dags
[2025-01-04T03:11:12.495+0000] {manager.py:821} INFO - Searching for files in /opt/airflow/dags
[2025-01-04T03:11:12.500+0000] {manager.py:824} INFO - There are 0 files in /opt/airflow/dags
[2025-01-04T03:16:13.105+0000] {manager.py:821} INFO - Searching for files in /opt/airflow/dags
[2025-01-04T03:16:13.109+0000] {manager.py:824} INFO - There are 0 files in /opt/airflow/dags
[2025-01-04T03:21:12.410+0000] {manager.py:465} INFO - Exiting gracefully upon receiving signal 15
